<?xml version="1.0" ?>
<coverage branch-rate="0" line-rate="0.432" timestamp="1477298126066" version="4.2">
	<!-- Generated by coverage.py: https://coverage.readthedocs.io -->
	<!-- Based on https://raw.githubusercontent.com/cobertura/web/f0366e5e2cf18f111cbd61fc34ef720a6584ba02/htdocs/xml/coverage-03.dtd -->
	<sources>
		<source>/Users/leop0ld/PycharmProjects/WebtoonCrawler</source>
	</sources>
	<packages>
		<package branch-rate="0" complexity="0" line-rate="0.8" name=".">
			<classes>
				<class branch-rate="0" complexity="0" filename="crawler.py" line-rate="1" name="crawler.py">
					<methods/>
					<lines>
						<line hits="1" number="1"/>
						<line hits="1" number="2"/>
						<line hits="1" number="3"/>
						<line hits="1" number="6"/>
						<line hits="1" number="9"/>
						<line hits="1" number="10"/>
						<line hits="1" number="11"/>
						<line hits="1" number="12"/>
						<line hits="1" number="13"/>
						<line hits="1" number="15"/>
					</lines>
				</class>
				<class branch-rate="0" complexity="0" filename="tests.py" line-rate="0.4" name="tests.py">
					<methods/>
					<lines>
						<line hits="1" number="1"/>
						<line hits="1" number="4"/>
						<line hits="0" number="5"/>
						<line hits="0" number="6"/>
						<line hits="0" number="7"/>
					</lines>
				</class>
			</classes>
		</package>
		<package branch-rate="0" complexity="0" line-rate="0.43" name=".usr.local.Cellar.pyenv.1.0.0.versions.3.5.2.envs.hearthstone.lib.python3.5.site-packages.bs4">
			<classes>
				<class branch-rate="0" complexity="0" filename="/usr/local/Cellar/pyenv/1.0.0/versions/3.5.2/envs/hearthstone/lib/python3.5/site-packages/bs4/__init__.py" line-rate="0.5667" name="__init__.py">
					<methods/>
					<lines>
						<line hits="1" number="23"/>
						<line hits="1" number="24"/>
						<line hits="1" number="25"/>
						<line hits="1" number="26"/>
						<line hits="1" number="28"/>
						<line hits="1" number="30"/>
						<line hits="1" number="31"/>
						<line hits="1" number="32"/>
						<line hits="1" number="33"/>
						<line hits="1" number="35"/>
						<line hits="1" number="36"/>
						<line hits="1" number="37"/>
						<line hits="1" number="53"/>
						<line hits="1" number="55"/>
						<line hits="1" number="77"/>
						<line hits="1" number="81"/>
						<line hits="1" number="83"/>
						<line hits="1" number="85"/>
						<line hits="1" number="87"/>
						<line hits="1" number="94"/>
						<line hits="0" number="95"/>
						<line hits="1" number="100"/>
						<line hits="0" number="101"/>
						<line hits="0" number="102"/>
						<line hits="1" number="107"/>
						<line hits="0" number="108"/>
						<line hits="0" number="109"/>
						<line hits="1" number="114"/>
						<line hits="0" number="115"/>
						<line hits="0" number="116"/>
						<line hits="1" number="121"/>
						<line hits="0" number="122"/>
						<line hits="0" number="123"/>
						<line hits="1" number="129"/>
						<line hits="1" number="130"/>
						<line hits="0" number="131"/>
						<line hits="0" number="134"/>
						<line hits="0" number="135"/>
						<line hits="0" number="136"/>
						<line hits="1" number="137"/>
						<line hits="1" number="139"/>
						<line hits="1" number="142"/>
						<line hits="1" number="145"/>
						<line hits="0" number="146"/>
						<line hits="0" number="147"/>
						<line hits="1" number="149"/>
						<line hits="0" number="150"/>
						<line hits="0" number="151"/>
						<line hits="1" number="154"/>
						<line hits="1" number="155"/>
						<line hits="1" number="156"/>
						<line hits="1" number="157"/>
						<line hits="1" number="158"/>
						<line hits="0" number="159"/>
						<line hits="1" number="160"/>
						<line hits="1" number="161"/>
						<line hits="0" number="162"/>
						<line hits="1" number="166"/>
						<line hits="1" number="167"/>
						<line hits="0" number="169"/>
						<line hits="0" number="170"/>
						<line hits="0" number="172"/>
						<line hits="0" number="174"/>
						<line hits="0" number="175"/>
						<line hits="0" number="176"/>
						<line hits="0" number="177"/>
						<line hits="1" number="183"/>
						<line hits="1" number="184"/>
						<line hits="1" number="185"/>
						<line hits="1" number="186"/>
						<line hits="1" number="188"/>
						<line hits="1" number="190"/>
						<line hits="0" number="191"/>
						<line hits="1" number="192"/>
						<line hits="0" number="200"/>
						<line hits="0" number="202"/>
						<line hits="0" number="204"/>
						<line hits="0" number="205"/>
						<line hits="0" number="206"/>
						<line hits="0" number="207"/>
						<line hits="0" number="208"/>
						<line hits="0" number="212"/>
						<line hits="0" number="213"/>
						<line hits="0" number="214"/>
						<line hits="0" number="215"/>
						<line hits="0" number="216"/>
						<line hits="0" number="220"/>
						<line hits="1" number="222"/>
						<line hits="1" number="226"/>
						<line hits="1" number="227"/>
						<line hits="1" number="228"/>
						<line hits="1" number="229"/>
						<line hits="0" number="230"/>
						<line hits="0" number="231"/>
						<line hits="1" number="235"/>
						<line hits="1" number="236"/>
						<line hits="1" number="238"/>
						<line hits="0" number="239"/>
						<line hits="0" number="247"/>
						<line hits="0" number="248"/>
						<line hits="1" number="250"/>
						<line hits="0" number="252"/>
						<line hits="0" number="253"/>
						<line hits="0" number="254"/>
						<line hits="0" number="255"/>
						<line hits="1" number="257"/>
						<line hits="0" number="263"/>
						<line hits="0" number="264"/>
						<line hits="0" number="265"/>
						<line hits="0" number="266"/>
						<line hits="0" number="267"/>
						<line hits="0" number="268"/>
						<line hits="0" number="270"/>
						<line hits="0" number="272"/>
						<line hits="0" number="273"/>
						<line hits="0" number="274"/>
						<line hits="0" number="275"/>
						<line hits="0" number="277"/>
						<line hits="0" number="278"/>
						<line hits="1" number="285"/>
						<line hits="1" number="287"/>
						<line hits="1" number="289"/>
						<line hits="1" number="291"/>
						<line hits="1" number="292"/>
						<line hits="0" number="293"/>
						<line hits="1" number="295"/>
						<line hits="1" number="296"/>
						<line hits="1" number="297"/>
						<line hits="1" number="298"/>
						<line hits="1" number="299"/>
						<line hits="1" number="300"/>
						<line hits="1" number="301"/>
						<line hits="1" number="302"/>
						<line hits="1" number="303"/>
						<line hits="1" number="305"/>
						<line hits="0" number="307"/>
						<line hits="1" number="309"/>
						<line hits="0" number="311"/>
						<line hits="1" number="313"/>
						<line hits="0" number="314"/>
						<line hits="1" number="316"/>
						<line hits="0" number="317"/>
						<line hits="1" number="319"/>
						<line hits="1" number="320"/>
						<line hits="1" number="321"/>
						<line hits="0" number="322"/>
						<line hits="1" number="324"/>
						<line hits="1" number="325"/>
						<line hits="1" number="326"/>
						<line hits="1" number="328"/>
						<line hits="1" number="330"/>
						<line hits="1" number="331"/>
						<line hits="1" number="332"/>
						<line hits="1" number="333"/>
						<line hits="1" number="334"/>
						<line hits="0" number="335"/>
						<line hits="1" number="337"/>
						<line hits="1" number="338"/>
						<line hits="1" number="339"/>
						<line hits="1" number="343"/>
						<line hits="1" number="344"/>
						<line hits="1" number="345"/>
						<line hits="1" number="346"/>
						<line hits="1" number="347"/>
						<line hits="1" number="348"/>
						<line hits="1" number="349"/>
						<line hits="1" number="350"/>
						<line hits="1" number="351"/>
						<line hits="0" number="353"/>
						<line hits="1" number="356"/>
						<line hits="1" number="359"/>
						<line hits="0" number="362"/>
						<line hits="1" number="364"/>
						<line hits="1" number="365"/>
						<line hits="1" number="367"/>
						<line hits="1" number="369"/>
						<line hits="1" number="370"/>
						<line hits="1" number="372"/>
						<line hits="1" number="373"/>
						<line hits="0" number="374"/>
						<line hits="0" number="375"/>
						<line hits="0" number="376"/>
						<line hits="0" number="377"/>
						<line hits="0" number="378"/>
						<line hits="1" number="380"/>
						<line hits="1" number="382"/>
						<line hits="1" number="383"/>
						<line hits="1" number="385"/>
						<line hits="0" number="388"/>
						<line hits="0" number="389"/>
						<line hits="0" number="390"/>
						<line hits="0" number="391"/>
						<line hits="0" number="392"/>
						<line hits="0" number="394"/>
						<line hits="0" number="400"/>
						<line hits="0" number="401"/>
						<line hits="0" number="402"/>
						<line hits="0" number="404"/>
						<line hits="0" number="405"/>
						<line hits="0" number="406"/>
						<line hits="0" number="407"/>
						<line hits="0" number="409"/>
						<line hits="0" number="411"/>
						<line hits="0" number="412"/>
						<line hits="0" number="413"/>
						<line hits="0" number="414"/>
						<line hits="0" number="415"/>
						<line hits="0" number="416"/>
						<line hits="0" number="417"/>
						<line hits="0" number="418"/>
						<line hits="0" number="419"/>
						<line hits="0" number="420"/>
						<line hits="0" number="421"/>
						<line hits="0" number="422"/>
						<line hits="1" number="424"/>
						<line hits="1" number="430"/>
						<line hits="0" number="432"/>
						<line hits="1" number="434"/>
						<line hits="1" number="436"/>
						<line hits="1" number="437"/>
						<line hits="1" number="438"/>
						<line hits="1" number="439"/>
						<line hits="1" number="440"/>
						<line hits="1" number="441"/>
						<line hits="1" number="442"/>
						<line hits="0" number="443"/>
						<line hits="1" number="445"/>
						<line hits="1" number="447"/>
						<line hits="1" number="457"/>
						<line hits="1" number="459"/>
						<line hits="0" number="462"/>
						<line hits="1" number="464"/>
						<line hits="1" number="466"/>
						<line hits="0" number="467"/>
						<line hits="1" number="468"/>
						<line hits="1" number="469"/>
						<line hits="1" number="470"/>
						<line hits="1" number="471"/>
						<line hits="1" number="472"/>
						<line hits="1" number="474"/>
						<line hits="1" number="476"/>
						<line hits="1" number="477"/>
						<line hits="1" number="479"/>
						<line hits="1" number="480"/>
						<line hits="1" number="482"/>
						<line hits="1" number="488"/>
						<line hits="0" number="490"/>
						<line hits="0" number="491"/>
						<line hits="0" number="492"/>
						<line hits="0" number="493"/>
						<line hits="1" number="495"/>
						<line hits="1" number="496"/>
						<line hits="1" number="497"/>
						<line hits="0" number="499"/>
						<line hits="1" number="500"/>
						<line hits="1" number="504"/>
						<line hits="1" number="505"/>
						<line hits="1" number="507"/>
						<line hits="1" number="510"/>
						<line hits="0" number="511"/>
						<line hits="0" number="512"/>
						<line hits="0" number="515"/>
						<line hits="1" number="518"/>
						<line hits="1" number="519"/>
						<line hits="1" number="521"/>
						<line hits="1" number="522"/>
						<line hits="1" number="526"/>
						<line hits="0" number="527"/>
						<line hits="0" number="528"/>
						<line hits="0" number="529"/>
					</lines>
				</class>
				<class branch-rate="0" complexity="0" filename="/usr/local/Cellar/pyenv/1.0.0/versions/3.5.2/envs/hearthstone/lib/python3.5/site-packages/bs4/dammit.py" line-rate="0.4651" name="dammit.py">
					<methods/>
					<lines>
						<line hits="1" number="2"/>
						<line hits="1" number="11"/>
						<line hits="1" number="13"/>
						<line hits="1" number="14"/>
						<line hits="1" number="15"/>
						<line hits="1" number="16"/>
						<line hits="1" number="17"/>
						<line hits="1" number="20"/>
						<line hits="1" number="21"/>
						<line hits="1" number="24"/>
						<line hits="0" number="25"/>
						<line hits="0" number="26"/>
						<line hits="1" number="27"/>
						<line hits="1" number="28"/>
						<line hits="1" number="32"/>
						<line hits="0" number="33"/>
						<line hits="0" number="34"/>
						<line hits="1" number="37"/>
						<line hits="1" number="39"/>
						<line hits="0" number="40"/>
						<line hits="1" number="43"/>
						<line hits="1" number="44"/>
						<line hits="1" number="45"/>
						<line hits="1" number="46"/>
						<line hits="1" number="48"/>
						<line hits="1" number="50"/>
						<line hits="1" number="53"/>
						<line hits="1" number="57"/>
						<line hits="1" number="58"/>
						<line hits="1" number="59"/>
						<line hits="1" number="60"/>
						<line hits="1" number="61"/>
						<line hits="1" number="62"/>
						<line hits="1" number="63"/>
						<line hits="1" number="67"/>
						<line hits="1" number="68"/>
						<line hits="1" number="70"/>
						<line hits="1" number="71"/>
						<line hits="1" number="72"/>
						<line hits="1" number="73"/>
						<line hits="1" number="76"/>
						<line hits="1" number="84"/>
						<line hits="1" number="88"/>
						<line hits="1" number="90"/>
						<line hits="0" number="92"/>
						<line hits="0" number="93"/>
						<line hits="1" number="95"/>
						<line hits="1" number="99"/>
						<line hits="1" number="100"/>
						<line hits="1" number="102"/>
						<line hits="1" number="121"/>
						<line hits="1" number="122"/>
						<line hits="0" number="123"/>
						<line hits="0" number="131"/>
						<line hits="0" number="132"/>
						<line hits="0" number="136"/>
						<line hits="1" number="137"/>
						<line hits="1" number="139"/>
						<line hits="1" number="140"/>
						<line hits="1" number="153"/>
						<line hits="1" number="156"/>
						<line hits="0" number="157"/>
						<line hits="1" number="158"/>
						<line hits="1" number="160"/>
						<line hits="1" number="161"/>
						<line hits="0" number="175"/>
						<line hits="0" number="178"/>
						<line hits="0" number="179"/>
						<line hits="0" number="180"/>
						<line hits="1" number="182"/>
						<line hits="0" number="194"/>
						<line hits="1" number="198"/>
						<line hits="1" number="218"/>
						<line hits="1" number="220"/>
						<line hits="1" number="221"/>
						<line hits="1" number="222"/>
						<line hits="1" number="223"/>
						<line hits="1" number="224"/>
						<line hits="1" number="225"/>
						<line hits="1" number="228"/>
						<line hits="1" number="230"/>
						<line hits="1" number="231"/>
						<line hits="1" number="232"/>
						<line hits="1" number="233"/>
						<line hits="0" number="234"/>
						<line hits="1" number="235"/>
						<line hits="1" number="236"/>
						<line hits="1" number="237"/>
						<line hits="1" number="238"/>
						<line hits="1" number="240"/>
						<line hits="1" number="243"/>
						<line hits="1" number="244"/>
						<line hits="1" number="245"/>
						<line hits="0" number="246"/>
						<line hits="1" number="250"/>
						<line hits="0" number="251"/>
						<line hits="1" number="255"/>
						<line hits="1" number="256"/>
						<line hits="1" number="258"/>
						<line hits="1" number="259"/>
						<line hits="0" number="263"/>
						<line hits="0" number="264"/>
						<line hits="0" number="265"/>
						<line hits="0" number="266"/>
						<line hits="0" number="269"/>
						<line hits="0" number="270"/>
						<line hits="0" number="271"/>
						<line hits="1" number="273"/>
						<line hits="1" number="276"/>
						<line hits="1" number="277"/>
						<line hits="0" number="279"/>
						<line hits="1" number="280"/>
						<line hits="0" number="282"/>
						<line hits="0" number="283"/>
						<line hits="1" number="284"/>
						<line hits="0" number="286"/>
						<line hits="0" number="287"/>
						<line hits="1" number="288"/>
						<line hits="0" number="289"/>
						<line hits="0" number="290"/>
						<line hits="1" number="291"/>
						<line hits="0" number="292"/>
						<line hits="0" number="293"/>
						<line hits="1" number="294"/>
						<line hits="0" number="295"/>
						<line hits="0" number="296"/>
						<line hits="1" number="297"/>
						<line hits="1" number="299"/>
						<line hits="1" number="300"/>
						<line hits="1" number="308"/>
						<line hits="0" number="309"/>
						<line hits="1" number="311"/>
						<line hits="1" number="312"/>
						<line hits="1" number="314"/>
						<line hits="1" number="315"/>
						<line hits="1" number="316"/>
						<line hits="1" number="317"/>
						<line hits="1" number="318"/>
						<line hits="1" number="319"/>
						<line hits="1" number="321"/>
						<line hits="1" number="322"/>
						<line hits="0" number="323"/>
						<line hits="1" number="325"/>
						<line hits="1" number="335"/>
						<line hits="1" number="338"/>
						<line hits="1" number="344"/>
						<line hits="0" number="346"/>
						<line hits="0" number="347"/>
						<line hits="0" number="348"/>
						<line hits="0" number="349"/>
						<line hits="0" number="350"/>
						<line hits="0" number="351"/>
						<line hits="0" number="355"/>
						<line hits="0" number="356"/>
						<line hits="0" number="357"/>
						<line hits="0" number="358"/>
						<line hits="0" number="359"/>
						<line hits="0" number="363"/>
						<line hits="0" number="365"/>
						<line hits="0" number="366"/>
						<line hits="0" number="367"/>
						<line hits="0" number="368"/>
						<line hits="0" number="369"/>
						<line hits="0" number="370"/>
						<line hits="0" number="372"/>
						<line hits="0" number="376"/>
						<line hits="0" number="377"/>
						<line hits="0" number="378"/>
						<line hits="0" number="379"/>
						<line hits="0" number="380"/>
						<line hits="0" number="384"/>
						<line hits="0" number="385"/>
						<line hits="0" number="390"/>
						<line hits="0" number="391"/>
						<line hits="0" number="392"/>
						<line hits="1" number="394"/>
						<line hits="0" number="397"/>
						<line hits="0" number="398"/>
						<line hits="0" number="399"/>
						<line hits="0" number="401"/>
						<line hits="0" number="402"/>
						<line hits="0" number="403"/>
						<line hits="0" number="404"/>
						<line hits="0" number="406"/>
						<line hits="0" number="408"/>
						<line hits="0" number="409"/>
						<line hits="1" number="411"/>
						<line hits="0" number="412"/>
						<line hits="0" number="413"/>
						<line hits="0" number="414"/>
						<line hits="0" number="415"/>
						<line hits="0" number="416"/>
						<line hits="0" number="419"/>
						<line hits="0" number="421"/>
						<line hits="0" number="422"/>
						<line hits="0" number="423"/>
						<line hits="0" number="425"/>
						<line hits="0" number="428"/>
						<line hits="0" number="429"/>
						<line hits="0" number="430"/>
						<line hits="0" number="431"/>
						<line hits="0" number="434"/>
						<line hits="0" number="436"/>
						<line hits="1" number="438"/>
						<line hits="0" number="441"/>
						<line hits="1" number="443"/>
						<line hits="0" number="445"/>
						<line hits="0" number="446"/>
						<line hits="0" number="447"/>
						<line hits="1" number="449"/>
						<line hits="0" number="450"/>
						<line hits="0" number="456"/>
						<line hits="0" number="457"/>
						<line hits="0" number="458"/>
						<line hits="1" number="460"/>
						<line hits="0" number="461"/>
						<line hits="0" number="462"/>
						<line hits="0" number="463"/>
						<line hits="0" number="464"/>
						<line hits="0" number="465"/>
						<line hits="0" number="466"/>
						<line hits="0" number="467"/>
						<line hits="0" number="468"/>
						<line hits="0" number="469"/>
						<line hits="1" number="473"/>
						<line hits="1" number="509"/>
						<line hits="1" number="646"/>
						<line hits="1" number="771"/>
						<line hits="1" number="777"/>
						<line hits="1" number="778"/>
						<line hits="1" number="780"/>
						<line hits="1" number="781"/>
						<line hits="0" number="795"/>
						<line hits="0" number="797"/>
						<line hits="0" number="801"/>
						<line hits="0" number="802"/>
						<line hits="0" number="805"/>
						<line hits="0" number="807"/>
						<line hits="0" number="808"/>
						<line hits="0" number="809"/>
						<line hits="0" number="810"/>
						<line hits="0" number="811"/>
						<line hits="0" number="813"/>
						<line hits="0" number="814"/>
						<line hits="0" number="818"/>
						<line hits="0" number="819"/>
						<line hits="0" number="820"/>
						<line hits="0" number="821"/>
						<line hits="0" number="822"/>
						<line hits="0" number="825"/>
						<line hits="0" number="829"/>
						<line hits="0" number="830"/>
						<line hits="0" number="831"/>
						<line hits="0" number="834"/>
						<line hits="0" number="835"/>
						<line hits="0" number="837"/>
						<line hits="0" number="840"/>
						<line hits="0" number="841"/>
					</lines>
				</class>
				<class branch-rate="0" complexity="0" filename="/usr/local/Cellar/pyenv/1.0.0/versions/3.5.2/envs/hearthstone/lib/python3.5/site-packages/bs4/element.py" line-rate="0.382" name="element.py">
					<methods/>
					<lines>
						<line hits="1" number="3"/>
						<line hits="1" number="5"/>
						<line hits="1" number="6"/>
						<line hits="1" number="7"/>
						<line hits="1" number="8"/>
						<line hits="1" number="9"/>
						<line hits="1" number="10"/>
						<line hits="1" number="12"/>
						<line hits="1" number="13"/>
						<line hits="1" number="15"/>
						<line hits="1" number="17"/>
						<line hits="1" number="19"/>
						<line hits="0" number="21"/>
						<line hits="1" number="23"/>
						<line hits="0" number="25"/>
						<line hits="1" number="26"/>
						<line hits="1" number="29"/>
						<line hits="1" number="31"/>
						<line hits="0" number="32"/>
						<line hits="0" number="33"/>
						<line hits="0" number="34"/>
						<line hits="0" number="36"/>
						<line hits="0" number="38"/>
						<line hits="0" number="39"/>
						<line hits="0" number="40"/>
						<line hits="0" number="41"/>
						<line hits="0" number="42"/>
						<line hits="1" number="44"/>
						<line hits="1" number="47"/>
						<line hits="1" number="54"/>
						<line hits="0" number="55"/>
						<line hits="0" number="56"/>
						<line hits="0" number="57"/>
						<line hits="1" number="59"/>
						<line hits="0" number="60"/>
						<line hits="1" number="63"/>
						<line hits="1" number="72"/>
						<line hits="1" number="74"/>
						<line hits="1" number="75"/>
						<line hits="1" number="76"/>
						<line hits="0" number="78"/>
						<line hits="1" number="80"/>
						<line hits="1" number="81"/>
						<line hits="1" number="82"/>
						<line hits="1" number="84"/>
						<line hits="1" number="85"/>
						<line hits="1" number="86"/>
						<line hits="1" number="87"/>
						<line hits="1" number="89"/>
						<line hits="1" number="100"/>
						<line hits="1" number="102"/>
						<line hits="1" number="104"/>
						<line hits="1" number="106"/>
						<line hits="1" number="108"/>
						<line hits="1" number="112"/>
						<line hits="1" number="114"/>
						<line hits="1" number="116"/>
						<line hits="0" number="118"/>
						<line hits="1" number="121"/>
						<line hits="1" number="123"/>
						<line hits="1" number="126"/>
						<line hits="1" number="148"/>
						<line hits="1" number="154"/>
						<line hits="1" number="160"/>
						<line hits="1" number="162"/>
						<line hits="0" number="163"/>
						<line hits="1" number="164"/>
						<line hits="0" number="165"/>
						<line hits="1" number="167"/>
						<line hits="1" number="168"/>
						<line hits="1" number="170"/>
						<line hits="1" number="179"/>
						<line hits="1" number="182"/>
						<line hits="0" number="187"/>
						<line hits="0" number="191"/>
						<line hits="0" number="192"/>
						<line hits="1" number="194"/>
						<line hits="1" number="196"/>
						<line hits="0" number="197"/>
						<line hits="1" number="200"/>
						<line hits="1" number="203"/>
						<line hits="1" number="207"/>
						<line hits="1" number="209"/>
						<line hits="1" number="210"/>
						<line hits="1" number="211"/>
						<line hits="1" number="213"/>
						<line hits="1" number="214"/>
						<line hits="0" number="215"/>
						<line hits="1" number="217"/>
						<line hits="1" number="218"/>
						<line hits="0" number="219"/>
						<line hits="1" number="221"/>
						<line hits="1" number="223"/>
						<line hits="1" number="225"/>
						<line hits="1" number="226"/>
						<line hits="1" number="227"/>
						<line hits="1" number="229"/>
						<line hits="1" number="230"/>
						<line hits="1" number="232"/>
						<line hits="0" number="233"/>
						<line hits="0" number="234"/>
						<line hits="0" number="237"/>
						<line hits="0" number="238"/>
						<line hits="0" number="239"/>
						<line hits="0" number="240"/>
						<line hits="0" number="241"/>
						<line hits="0" number="242"/>
						<line hits="0" number="243"/>
						<line hits="0" number="244"/>
						<line hits="0" number="245"/>
						<line hits="1" number="246"/>
						<line hits="1" number="248"/>
						<line hits="0" number="249"/>
						<line hits="0" number="250"/>
						<line hits="0" number="251"/>
						<line hits="0" number="254"/>
						<line hits="0" number="255"/>
						<line hits="0" number="256"/>
						<line hits="0" number="257"/>
						<line hits="0" number="258"/>
						<line hits="1" number="259"/>
						<line hits="1" number="260"/>
						<line hits="1" number="262"/>
						<line hits="0" number="263"/>
						<line hits="0" number="264"/>
						<line hits="0" number="265"/>
						<line hits="1" number="267"/>
						<line hits="0" number="269"/>
						<line hits="0" number="270"/>
						<line hits="0" number="275"/>
						<line hits="0" number="276"/>
						<line hits="0" number="278"/>
						<line hits="0" number="280"/>
						<line hits="0" number="281"/>
						<line hits="0" number="282"/>
						<line hits="0" number="283"/>
						<line hits="0" number="284"/>
						<line hits="0" number="286"/>
						<line hits="0" number="287"/>
						<line hits="0" number="289"/>
						<line hits="0" number="290"/>
						<line hits="0" number="292"/>
						<line hits="0" number="293"/>
						<line hits="0" number="294"/>
						<line hits="1" number="296"/>
						<line hits="0" number="298"/>
						<line hits="0" number="299"/>
						<line hits="0" number="301"/>
						<line hits="0" number="302"/>
						<line hits="0" number="303"/>
						<line hits="0" number="304"/>
						<line hits="0" number="305"/>
						<line hits="0" number="306"/>
						<line hits="1" number="308"/>
						<line hits="1" number="310"/>
						<line hits="0" number="311"/>
						<line hits="0" number="312"/>
						<line hits="0" number="313"/>
						<line hits="0" number="314"/>
						<line hits="0" number="315"/>
						<line hits="0" number="317"/>
						<line hits="0" number="319"/>
						<line hits="0" number="320"/>
						<line hits="0" number="323"/>
						<line hits="0" number="324"/>
						<line hits="0" number="325"/>
						<line hits="0" number="330"/>
						<line hits="0" number="331"/>
						<line hits="0" number="333"/>
						<line hits="0" number="334"/>
						<line hits="0" number="335"/>
						<line hits="0" number="336"/>
						<line hits="0" number="337"/>
						<line hits="0" number="339"/>
						<line hits="0" number="340"/>
						<line hits="0" number="341"/>
						<line hits="0" number="342"/>
						<line hits="0" number="343"/>
						<line hits="0" number="344"/>
						<line hits="0" number="346"/>
						<line hits="0" number="348"/>
						<line hits="0" number="349"/>
						<line hits="0" number="351"/>
						<line hits="0" number="352"/>
						<line hits="0" number="353"/>
						<line hits="0" number="354"/>
						<line hits="0" number="355"/>
						<line hits="0" number="356"/>
						<line hits="0" number="358"/>
						<line hits="0" number="359"/>
						<line hits="0" number="360"/>
						<line hits="0" number="364"/>
						<line hits="0" number="366"/>
						<line hits="0" number="367"/>
						<line hits="0" number="368"/>
						<line hits="0" number="369"/>
						<line hits="0" number="370"/>
						<line hits="0" number="372"/>
						<line hits="0" number="373"/>
						<line hits="0" number="374"/>
						<line hits="1" number="376"/>
						<line hits="0" number="378"/>
						<line hits="1" number="380"/>
						<line hits="0" number="386"/>
						<line hits="0" number="387"/>
						<line hits="0" number="388"/>
						<line hits="0" number="389"/>
						<line hits="0" number="390"/>
						<line hits="0" number="394"/>
						<line hits="0" number="395"/>
						<line hits="0" number="396"/>
						<line hits="0" number="397"/>
						<line hits="1" number="399"/>
						<line hits="0" number="405"/>
						<line hits="0" number="406"/>
						<line hits="0" number="407"/>
						<line hits="0" number="408"/>
						<line hits="0" number="409"/>
						<line hits="0" number="413"/>
						<line hits="0" number="414"/>
						<line hits="0" number="415"/>
						<line hits="0" number="416"/>
						<line hits="1" number="418"/>
						<line hits="0" number="421"/>
						<line hits="1" number="422"/>
						<line hits="1" number="424"/>
						<line hits="0" number="428"/>
						<line hits="1" number="430"/>
						<line hits="1" number="432"/>
						<line hits="0" number="435"/>
						<line hits="1" number="437"/>
						<line hits="1" number="439"/>
						<line hits="0" number="443"/>
						<line hits="1" number="445"/>
						<line hits="1" number="446"/>
						<line hits="1" number="448"/>
						<line hits="0" number="451"/>
						<line hits="1" number="453"/>
						<line hits="1" number="455"/>
						<line hits="0" number="459"/>
						<line hits="1" number="461"/>
						<line hits="1" number="462"/>
						<line hits="1" number="464"/>
						<line hits="0" number="467"/>
						<line hits="1" number="469"/>
						<line hits="1" number="471"/>
						<line hits="0" number="475"/>
						<line hits="1" number="477"/>
						<line hits="1" number="478"/>
						<line hits="1" number="480"/>
						<line hits="0" number="485"/>
						<line hits="0" number="486"/>
						<line hits="0" number="487"/>
						<line hits="0" number="488"/>
						<line hits="0" number="489"/>
						<line hits="1" number="490"/>
						<line hits="1" number="492"/>
						<line hits="0" number="496"/>
						<line hits="1" number="498"/>
						<line hits="1" number="499"/>
						<line hits="1" number="501"/>
						<line hits="0" number="503"/>
						<line hits="1" number="505"/>
						<line hits="0" number="507"/>
						<line hits="1" number="511"/>
						<line hits="0" number="512"/>
						<line hits="0" number="513"/>
						<line hits="0" number="514"/>
						<line hits="0" number="515"/>
						<line hits="0" number="516"/>
						<line hits="1" number="518"/>
						<line hits="1" number="521"/>
						<line hits="0" number="522"/>
						<line hits="0" number="523"/>
						<line hits="1" number="525"/>
						<line hits="0" number="526"/>
						<line hits="1" number="528"/>
						<line hits="1" number="530"/>
						<line hits="0" number="531"/>
						<line hits="0" number="533"/>
						<line hits="0" number="535"/>
						<line hits="0" number="536"/>
						<line hits="0" number="538"/>
						<line hits="0" number="541"/>
						<line hits="1" number="542"/>
						<line hits="1" number="543"/>
						<line hits="1" number="544"/>
						<line hits="1" number="545"/>
						<line hits="1" number="546"/>
						<line hits="1" number="547"/>
						<line hits="0" number="548"/>
						<line hits="0" number="549"/>
						<line hits="0" number="550"/>
						<line hits="0" number="551"/>
						<line hits="0" number="552"/>
						<line hits="0" number="553"/>
						<line hits="1" number="554"/>
						<line hits="1" number="558"/>
						<line hits="0" number="560"/>
						<line hits="0" number="561"/>
						<line hits="0" number="562"/>
						<line hits="0" number="563"/>
						<line hits="1" number="565"/>
						<line hits="0" number="567"/>
						<line hits="0" number="568"/>
						<line hits="0" number="569"/>
						<line hits="0" number="570"/>
						<line hits="1" number="572"/>
						<line hits="0" number="574"/>
						<line hits="0" number="575"/>
						<line hits="0" number="576"/>
						<line hits="0" number="577"/>
						<line hits="1" number="579"/>
						<line hits="0" number="581"/>
						<line hits="0" number="582"/>
						<line hits="0" number="583"/>
						<line hits="0" number="584"/>
						<line hits="1" number="586"/>
						<line hits="0" number="588"/>
						<line hits="0" number="589"/>
						<line hits="0" number="590"/>
						<line hits="0" number="591"/>
						<line hits="1" number="595"/>
						<line hits="1" number="604"/>
						<line hits="1" number="609"/>
						<line hits="0" number="615"/>
						<line hits="0" number="616"/>
						<line hits="0" number="617"/>
						<line hits="0" number="618"/>
						<line hits="1" number="620"/>
						<line hits="0" number="621"/>
						<line hits="0" number="622"/>
						<line hits="0" number="624"/>
						<line hits="0" number="625"/>
						<line hits="0" number="626"/>
						<line hits="1" number="628"/>
						<line hits="0" number="635"/>
						<line hits="0" number="637"/>
						<line hits="0" number="638"/>
						<line hits="0" number="641"/>
						<line hits="0" number="642"/>
						<line hits="0" number="643"/>
						<line hits="0" number="644"/>
						<line hits="0" number="645"/>
						<line hits="0" number="646"/>
						<line hits="0" number="647"/>
						<line hits="0" number="649"/>
						<line hits="0" number="651"/>
						<line hits="0" number="653"/>
						<line hits="0" number="655"/>
						<line hits="0" number="657"/>
						<line hits="0" number="658"/>
						<line hits="0" number="661"/>
						<line hits="0" number="662"/>
						<line hits="0" number="663"/>
						<line hits="0" number="665"/>
						<line hits="0" number="667"/>
						<line hits="1" number="671"/>
						<line hits="0" number="672"/>
						<line hits="1" number="674"/>
						<line hits="0" number="675"/>
						<line hits="1" number="677"/>
						<line hits="0" number="678"/>
						<line hits="1" number="680"/>
						<line hits="0" number="681"/>
						<line hits="1" number="683"/>
						<line hits="0" number="684"/>
						<line hits="1" number="687"/>
						<line hits="1" number="689"/>
						<line hits="1" number="690"/>
						<line hits="1" number="695"/>
						<line hits="1" number="697"/>
						<line hits="1" number="705"/>
						<line hits="1" number="706"/>
						<line hits="0" number="708"/>
						<line hits="1" number="709"/>
						<line hits="1" number="710"/>
						<line hits="1" number="712"/>
						<line hits="0" number="716"/>
						<line hits="1" number="718"/>
						<line hits="0" number="719"/>
						<line hits="1" number="721"/>
						<line hits="0" number="725"/>
						<line hits="0" number="726"/>
						<line hits="0" number="728"/>
						<line hits="1" number="732"/>
						<line hits="1" number="733"/>
						<line hits="1" number="734"/>
						<line hits="1" number="736"/>
						<line hits="0" number="738"/>
						<line hits="1" number="740"/>
						<line hits="0" number="742"/>
						<line hits="1" number="744"/>
						<line hits="1" number="751"/>
						<line hits="1" number="754"/>
						<line hits="1" number="755"/>
						<line hits="1" number="757"/>
						<line hits="1" number="759"/>
						<line hits="1" number="760"/>
						<line hits="1" number="762"/>
						<line hits="1" number="765"/>
						<line hits="1" number="766"/>
						<line hits="1" number="768"/>
						<line hits="1" number="770"/>
						<line hits="1" number="771"/>
						<line hits="1" number="773"/>
						<line hits="1" number="775"/>
						<line hits="1" number="776"/>
						<line hits="1" number="779"/>
						<line hits="1" number="780"/>
						<line hits="1" number="781"/>
						<line hits="1" number="784"/>
						<line hits="1" number="786"/>
						<line hits="1" number="788"/>
						<line hits="1" number="789"/>
						<line hits="0" number="790"/>
						<line hits="0" number="791"/>
						<line hits="0" number="792"/>
						<line hits="1" number="793"/>
						<line hits="0" number="794"/>
						<line hits="1" number="796"/>
						<line hits="1" number="798"/>
						<line hits="1" number="799"/>
						<line hits="1" number="802"/>
						<line hits="1" number="806"/>
						<line hits="1" number="811"/>
						<line hits="0" number="812"/>
						<line hits="1" number="816"/>
						<line hits="1" number="817"/>
						<line hits="0" number="818"/>
						<line hits="1" number="819"/>
						<line hits="1" number="820"/>
						<line hits="1" number="821"/>
						<line hits="1" number="822"/>
						<line hits="1" number="823"/>
						<line hits="0" number="825"/>
						<line hits="0" number="826"/>
						<line hits="0" number="828"/>
						<line hits="1" number="829"/>
						<line hits="1" number="830"/>
						<line hits="1" number="831"/>
						<line hits="1" number="832"/>
						<line hits="1" number="833"/>
						<line hits="1" number="834"/>
						<line hits="0" number="837"/>
						<line hits="1" number="839"/>
						<line hits="1" number="843"/>
						<line hits="1" number="844"/>
						<line hits="0" number="846"/>
						<line hits="1" number="847"/>
						<line hits="1" number="848"/>
						<line hits="1" number="849"/>
						<line hits="1" number="850"/>
						<line hits="1" number="853"/>
						<line hits="1" number="854"/>
						<line hits="1" number="855"/>
						<line hits="0" number="857"/>
						<line hits="1" number="859"/>
						<line hits="1" number="861"/>
						<line hits="0" number="865"/>
						<line hits="0" number="867"/>
						<line hits="0" number="868"/>
						<line hits="0" number="869"/>
						<line hits="0" number="870"/>
						<line hits="0" number="871"/>
						<line hits="1" number="873"/>
						<line hits="1" number="888"/>
						<line hits="1" number="889"/>
						<line hits="1" number="891"/>
						<line hits="0" number="901"/>
						<line hits="0" number="902"/>
						<line hits="0" number="903"/>
						<line hits="0" number="904"/>
						<line hits="0" number="905"/>
						<line hits="0" number="906"/>
						<line hits="1" number="908"/>
						<line hits="0" number="910"/>
						<line hits="0" number="911"/>
						<line hits="1" number="913"/>
						<line hits="0" number="919"/>
						<line hits="0" number="920"/>
						<line hits="0" number="924"/>
						<line hits="0" number="925"/>
						<line hits="0" number="926"/>
						<line hits="0" number="927"/>
						<line hits="0" number="928"/>
						<line hits="0" number="929"/>
						<line hits="1" number="931"/>
						<line hits="1" number="933"/>
						<line hits="0" number="935"/>
						<line hits="0" number="936"/>
						<line hits="1" number="938"/>
						<line hits="0" number="943"/>
						<line hits="1" number="945"/>
						<line hits="1" number="946"/>
						<line hits="1" number="948"/>
						<line hits="0" number="950"/>
						<line hits="0" number="951"/>
						<line hits="0" number="952"/>
						<line hits="0" number="953"/>
						<line hits="0" number="954"/>
						<line hits="0" number="955"/>
						<line hits="0" number="956"/>
						<line hits="1" number="958"/>
						<line hits="0" number="962"/>
						<line hits="0" number="963"/>
						<line hits="0" number="964"/>
						<line hits="0" number="965"/>
						<line hits="0" number="967"/>
						<line hits="0" number="969"/>
						<line hits="0" number="970"/>
						<line hits="1" number="972"/>
						<line hits="0" number="977"/>
						<line hits="0" number="978"/>
						<line hits="0" number="979"/>
						<line hits="0" number="980"/>
						<line hits="1" number="982"/>
						<line hits="1" number="986"/>
						<line hits="1" number="988"/>
						<line hits="0" number="989"/>
						<line hits="1" number="991"/>
						<line hits="0" number="992"/>
						<line hits="1" number="994"/>
						<line hits="0" number="997"/>
						<line hits="1" number="999"/>
						<line hits="1" number="1001"/>
						<line hits="1" number="1003"/>
						<line hits="0" number="1005"/>
						<line hits="1" number="1007"/>
						<line hits="0" number="1008"/>
						<line hits="1" number="1010"/>
						<line hits="1" number="1012"/>
						<line hits="1" number="1014"/>
						<line hits="1" number="1017"/>
						<line hits="1" number="1019"/>
						<line hits="0" number="1021"/>
						<line hits="1" number="1023"/>
						<line hits="0" number="1027"/>
						<line hits="1" number="1029"/>
						<line hits="1" number="1031"/>
						<line hits="0" number="1033"/>
						<line hits="0" number="1034"/>
						<line hits="0" number="1037"/>
						<line hits="1" number="1039"/>
						<line hits="1" number="1040"/>
						<line hits="0" number="1041"/>
						<line hits="1" number="1044"/>
						<line hits="0" number="1047"/>
						<line hits="0" number="1048"/>
						<line hits="0" number="1049"/>
						<line hits="0" number="1055"/>
						<line hits="0" number="1056"/>
						<line hits="0" number="1057"/>
						<line hits="0" number="1058"/>
						<line hits="0" number="1059"/>
						<line hits="1" number="1061"/>
						<line hits="0" number="1064"/>
						<line hits="1" number="1066"/>
						<line hits="0" number="1068"/>
						<line hits="0" number="1070"/>
						<line hits="0" number="1075"/>
						<line hits="1" number="1077"/>
						<line hits="1" number="1078"/>
						<line hits="1" number="1080"/>
						<line hits="0" number="1081"/>
						<line hits="0" number="1082"/>
						<line hits="0" number="1084"/>
						<line hits="1" number="1086"/>
						<line hits="1" number="1087"/>
						<line hits="1" number="1089"/>
						<line hits="0" number="1094"/>
						<line hits="0" number="1095"/>
						<line hits="1" number="1097"/>
						<line hits="1" number="1100"/>
						<line hits="1" number="1105"/>
						<line hits="1" number="1120"/>
						<line hits="1" number="1121"/>
						<line hits="1" number="1123"/>
						<line hits="1" number="1124"/>
						<line hits="1" number="1125"/>
						<line hits="1" number="1126"/>
						<line hits="0" number="1127"/>
						<line hits="1" number="1129"/>
						<line hits="1" number="1130"/>
						<line hits="1" number="1131"/>
						<line hits="0" number="1132"/>
						<line hits="1" number="1133"/>
						<line hits="1" number="1136"/>
						<line hits="1" number="1138"/>
						<line hits="1" number="1139"/>
						<line hits="1" number="1142"/>
						<line hits="1" number="1143"/>
						<line hits="1" number="1144"/>
						<line hits="1" number="1146"/>
						<line hits="1" number="1147"/>
						<line hits="0" number="1148"/>
						<line hits="1" number="1150"/>
						<line hits="1" number="1151"/>
						<line hits="1" number="1153"/>
						<line hits="1" number="1155"/>
						<line hits="1" number="1156"/>
						<line hits="1" number="1157"/>
						<line hits="1" number="1158"/>
						<line hits="0" number="1159"/>
						<line hits="1" number="1160"/>
						<line hits="0" number="1161"/>
						<line hits="0" number="1162"/>
						<line hits="1" number="1164"/>
						<line hits="1" number="1165"/>
						<line hits="1" number="1168"/>
						<line hits="1" number="1170"/>
						<line hits="1" number="1172"/>
						<line hits="1" number="1173"/>
						<line hits="1" number="1174"/>
						<line hits="1" number="1175"/>
						<line hits="1" number="1176"/>
						<line hits="0" number="1179"/>
						<line hits="1" number="1180"/>
						<line hits="1" number="1182"/>
						<line hits="0" number="1183"/>
						<line hits="1" number="1184"/>
						<line hits="1" number="1185"/>
						<line hits="0" number="1186"/>
						<line hits="1" number="1187"/>
						<line hits="0" number="1188"/>
						<line hits="1" number="1189"/>
						<line hits="1" number="1190"/>
						<line hits="0" number="1194"/>
						<line hits="1" number="1195"/>
						<line hits="1" number="1196"/>
						<line hits="1" number="1198"/>
						<line hits="0" number="1199"/>
						<line hits="0" number="1200"/>
						<line hits="0" number="1202"/>
						<line hits="1" number="1204"/>
						<line hits="1" number="1224"/>
						<line hits="0" number="1225"/>
						<line hits="1" number="1227"/>
						<line hits="1" number="1228"/>
						<line hits="1" number="1229"/>
						<line hits="1" number="1230"/>
						<line hits="1" number="1231"/>
						<line hits="1" number="1232"/>
						<line hits="1" number="1233"/>
						<line hits="1" number="1234"/>
						<line hits="1" number="1236"/>
						<line hits="0" number="1237"/>
						<line hits="1" number="1238"/>
						<line hits="1" number="1239"/>
						<line hits="0" number="1240"/>
						<line hits="1" number="1241"/>
						<line hits="1" number="1242"/>
						<line hits="0" number="1243"/>
						<line hits="1" number="1244"/>
						<line hits="1" number="1246"/>
						<line hits="0" number="1260"/>
						<line hits="0" number="1261"/>
						<line hits="1" number="1264"/>
						<line hits="0" number="1266"/>
						<line hits="0" number="1267"/>
						<line hits="0" number="1268"/>
						<line hits="1" number="1273"/>
						<line hits="1" number="1277"/>
						<line hits="1" number="1278"/>
						<line hits="1" number="1279"/>
						<line hits="0" number="1280"/>
						<line hits="1" number="1281"/>
						<line hits="1" number="1282"/>
						<line hits="1" number="1284"/>
						<line hits="1" number="1296"/>
						<line hits="1" number="1297"/>
						<line hits="0" number="1298"/>
						<line hits="1" number="1299"/>
						<line hits="1" number="1300"/>
						<line hits="1" number="1301"/>
						<line hits="1" number="1304"/>
						<line hits="0" number="1307"/>
						<line hits="1" number="1309"/>
						<line hits="1" number="1311"/>
						<line hits="1" number="1312"/>
						<line hits="0" number="1313"/>
						<line hits="0" number="1314"/>
						<line hits="0" number="1315"/>
						<line hits="0" number="1316"/>
						<line hits="0" number="1317"/>
						<line hits="1" number="1321"/>
						<line hits="1" number="1322"/>
						<line hits="1" number="1323"/>
						<line hits="1" number="1324"/>
						<line hits="0" number="1326"/>
						<line hits="0" number="1327"/>
						<line hits="0" number="1328"/>
						<line hits="0" number="1329"/>
						<line hits="1" number="1331"/>
						<line hits="0" number="1335"/>
						<line hits="0" number="1336"/>
						<line hits="0" number="1337"/>
						<line hits="0" number="1338"/>
						<line hits="0" number="1339"/>
						<line hits="0" number="1340"/>
						<line hits="0" number="1341"/>
						<line hits="0" number="1342"/>
						<line hits="0" number="1343"/>
						<line hits="0" number="1344"/>
						<line hits="0" number="1346"/>
						<line hits="0" number="1347"/>
						<line hits="0" number="1348"/>
						<line hits="0" number="1349"/>
						<line hits="0" number="1350"/>
						<line hits="0" number="1352"/>
						<line hits="0" number="1353"/>
						<line hits="0" number="1356"/>
						<line hits="0" number="1357"/>
						<line hits="0" number="1359"/>
						<line hits="0" number="1360"/>
						<line hits="0" number="1361"/>
						<line hits="0" number="1363"/>
						<line hits="0" number="1365"/>
						<line hits="0" number="1366"/>
						<line hits="0" number="1367"/>
						<line hits="0" number="1369"/>
						<line hits="0" number="1370"/>
						<line hits="0" number="1371"/>
						<line hits="0" number="1372"/>
						<line hits="0" number="1378"/>
						<line hits="0" number="1380"/>
						<line hits="0" number="1381"/>
						<line hits="0" number="1383"/>
						<line hits="0" number="1384"/>
						<line hits="0" number="1386"/>
						<line hits="0" number="1388"/>
						<line hits="0" number="1389"/>
						<line hits="0" number="1390"/>
						<line hits="0" number="1391"/>
						<line hits="0" number="1393"/>
						<line hits="0" number="1395"/>
						<line hits="0" number="1396"/>
						<line hits="0" number="1397"/>
						<line hits="0" number="1398"/>
						<line hits="0" number="1399"/>
						<line hits="0" number="1401"/>
						<line hits="0" number="1403"/>
						<line hits="0" number="1404"/>
						<line hits="0" number="1405"/>
						<line hits="0" number="1407"/>
						<line hits="0" number="1408"/>
						<line hits="0" number="1409"/>
						<line hits="0" number="1410"/>
						<line hits="0" number="1411"/>
						<line hits="0" number="1413"/>
						<line hits="0" number="1414"/>
						<line hits="0" number="1415"/>
						<line hits="0" number="1416"/>
						<line hits="0" number="1417"/>
						<line hits="0" number="1418"/>
						<line hits="0" number="1420"/>
						<line hits="0" number="1421"/>
						<line hits="0" number="1423"/>
						<line hits="0" number="1424"/>
						<line hits="0" number="1425"/>
						<line hits="0" number="1426"/>
						<line hits="0" number="1428"/>
						<line hits="0" number="1429"/>
						<line hits="0" number="1430"/>
						<line hits="0" number="1431"/>
						<line hits="0" number="1433"/>
						<line hits="0" number="1434"/>
						<line hits="0" number="1436"/>
						<line hits="0" number="1439"/>
						<line hits="0" number="1441"/>
						<line hits="0" number="1442"/>
						<line hits="0" number="1445"/>
						<line hits="0" number="1446"/>
						<line hits="0" number="1449"/>
						<line hits="0" number="1450"/>
						<line hits="0" number="1454"/>
						<line hits="0" number="1455"/>
						<line hits="0" number="1456"/>
						<line hits="0" number="1458"/>
						<line hits="0" number="1460"/>
						<line hits="0" number="1462"/>
						<line hits="0" number="1464"/>
						<line hits="0" number="1474"/>
						<line hits="0" number="1475"/>
						<line hits="0" number="1476"/>
						<line hits="0" number="1477"/>
						<line hits="0" number="1478"/>
						<line hits="0" number="1479"/>
						<line hits="0" number="1480"/>
						<line hits="0" number="1481"/>
						<line hits="0" number="1482"/>
						<line hits="0" number="1483"/>
						<line hits="0" number="1484"/>
						<line hits="0" number="1485"/>
						<line hits="0" number="1486"/>
						<line hits="0" number="1490"/>
						<line hits="0" number="1491"/>
						<line hits="0" number="1492"/>
						<line hits="0" number="1494"/>
						<line hits="0" number="1495"/>
						<line hits="0" number="1496"/>
						<line hits="0" number="1500"/>
						<line hits="0" number="1501"/>
						<line hits="0" number="1502"/>
						<line hits="0" number="1503"/>
						<line hits="0" number="1504"/>
						<line hits="0" number="1505"/>
						<line hits="0" number="1506"/>
						<line hits="0" number="1507"/>
						<line hits="0" number="1509"/>
						<line hits="0" number="1511"/>
						<line hits="0" number="1513"/>
						<line hits="0" number="1514"/>
						<line hits="0" number="1515"/>
						<line hits="0" number="1516"/>
						<line hits="0" number="1518"/>
						<line hits="0" number="1519"/>
						<line hits="0" number="1520"/>
						<line hits="0" number="1521"/>
						<line hits="0" number="1522"/>
						<line hits="0" number="1523"/>
						<line hits="0" number="1524"/>
						<line hits="0" number="1525"/>
						<line hits="0" number="1526"/>
						<line hits="0" number="1529"/>
						<line hits="0" number="1530"/>
						<line hits="0" number="1531"/>
						<line hits="0" number="1532"/>
						<line hits="0" number="1533"/>
						<line hits="0" number="1536"/>
						<line hits="0" number="1537"/>
						<line hits="0" number="1538"/>
						<line hits="0" number="1539"/>
						<line hits="0" number="1541"/>
						<line hits="0" number="1542"/>
						<line hits="0" number="1543"/>
						<line hits="0" number="1545"/>
						<line hits="0" number="1546"/>
						<line hits="0" number="1547"/>
						<line hits="0" number="1548"/>
						<line hits="0" number="1549"/>
						<line hits="1" number="1552"/>
						<line hits="0" number="1553"/>
						<line hits="1" number="1555"/>
						<line hits="0" number="1556"/>
						<line hits="1" number="1558"/>
						<line hits="0" number="1562"/>
						<line hits="0" number="1564"/>
						<line hits="1" number="1567"/>
						<line hits="1" number="1571"/>
						<line hits="1" number="1572"/>
						<line hits="1" number="1573"/>
						<line hits="0" number="1576"/>
						<line hits="0" number="1577"/>
						<line hits="1" number="1579"/>
						<line hits="0" number="1582"/>
						<line hits="0" number="1583"/>
						<line hits="1" number="1585"/>
						<line hits="0" number="1586"/>
						<line hits="0" number="1587"/>
						<line hits="0" number="1588"/>
						<line hits="0" number="1590"/>
						<line hits="1" number="1591"/>
						<line hits="1" number="1592"/>
						<line hits="0" number="1593"/>
						<line hits="1" number="1595"/>
						<line hits="1" number="1596"/>
						<line hits="1" number="1598"/>
						<line hits="1" number="1601"/>
						<line hits="1" number="1603"/>
						<line hits="0" number="1606"/>
						<line hits="0" number="1607"/>
						<line hits="0" number="1610"/>
						<line hits="0" number="1611"/>
						<line hits="0" number="1612"/>
						<line hits="0" number="1613"/>
						<line hits="0" number="1618"/>
						<line hits="0" number="1620"/>
						<line hits="0" number="1621"/>
						<line hits="0" number="1626"/>
						<line hits="1" number="1628"/>
						<line hits="0" number="1629"/>
						<line hits="0" number="1630"/>
						<line hits="0" number="1632"/>
						<line hits="1" number="1634"/>
						<line hits="0" number="1635"/>
						<line hits="0" number="1636"/>
						<line hits="0" number="1637"/>
						<line hits="0" number="1638"/>
						<line hits="0" number="1639"/>
						<line hits="0" number="1640"/>
						<line hits="0" number="1644"/>
						<line hits="0" number="1648"/>
						<line hits="0" number="1649"/>
						<line hits="0" number="1651"/>
						<line hits="0" number="1652"/>
						<line hits="0" number="1653"/>
						<line hits="0" number="1654"/>
						<line hits="0" number="1655"/>
						<line hits="0" number="1656"/>
						<line hits="0" number="1658"/>
						<line hits="0" number="1659"/>
						<line hits="0" number="1660"/>
						<line hits="0" number="1661"/>
						<line hits="0" number="1662"/>
						<line hits="0" number="1663"/>
						<line hits="0" number="1664"/>
						<line hits="0" number="1665"/>
						<line hits="0" number="1666"/>
						<line hits="0" number="1667"/>
						<line hits="0" number="1669"/>
						<line hits="0" number="1670"/>
						<line hits="0" number="1671"/>
						<line hits="0" number="1672"/>
						<line hits="1" number="1673"/>
						<line hits="1" number="1675"/>
						<line hits="0" number="1677"/>
						<line hits="0" number="1680"/>
						<line hits="0" number="1681"/>
						<line hits="0" number="1682"/>
						<line hits="0" number="1684"/>
						<line hits="0" number="1685"/>
						<line hits="0" number="1688"/>
						<line hits="0" number="1689"/>
						<line hits="0" number="1690"/>
						<line hits="0" number="1692"/>
						<line hits="0" number="1694"/>
						<line hits="0" number="1695"/>
						<line hits="0" number="1697"/>
						<line hits="0" number="1699"/>
						<line hits="1" number="1701"/>
						<line hits="0" number="1703"/>
						<line hits="0" number="1704"/>
						<line hits="0" number="1707"/>
						<line hits="0" number="1708"/>
						<line hits="0" number="1709"/>
						<line hits="0" number="1713"/>
						<line hits="0" number="1714"/>
						<line hits="0" number="1715"/>
						<line hits="0" number="1717"/>
						<line hits="0" number="1719"/>
						<line hits="0" number="1721"/>
						<line hits="0" number="1722"/>
						<line hits="0" number="1726"/>
						<line hits="0" number="1727"/>
						<line hits="0" number="1730"/>
						<line hits="0" number="1732"/>
						<line hits="0" number="1734"/>
						<line hits="0" number="1736"/>
						<line hits="0" number="1738"/>
						<line hits="0" number="1740"/>
						<line hits="0" number="1742"/>
						<line hits="0" number="1744"/>
						<line hits="0" number="1747"/>
						<line hits="1" number="1750"/>
						<line hits="1" number="1753"/>
						<line hits="1" number="1754"/>
						<line hits="1" number="1755"/>
					</lines>
				</class>
			</classes>
		</package>
		<package branch-rate="0" complexity="0" line-rate="0.3886" name=".usr.local.Cellar.pyenv.1.0.0.versions.3.5.2.envs.hearthstone.lib.python3.5.site-packages.bs4.builder">
			<classes>
				<class branch-rate="0" complexity="0" filename="/usr/local/Cellar/pyenv/1.0.0/versions/3.5.2/envs/hearthstone/lib/python3.5/site-packages/bs4/builder/__init__.py" line-rate="0.7931" name="__init__.py">
					<methods/>
					<lines>
						<line hits="1" number="4"/>
						<line hits="1" number="5"/>
						<line hits="1" number="6"/>
						<line hits="1" number="7"/>
						<line hits="1" number="14"/>
						<line hits="1" number="22"/>
						<line hits="1" number="23"/>
						<line hits="1" number="24"/>
						<line hits="1" number="25"/>
						<line hits="1" number="26"/>
						<line hits="1" number="27"/>
						<line hits="1" number="30"/>
						<line hits="1" number="32"/>
						<line hits="1" number="33"/>
						<line hits="1" number="34"/>
						<line hits="1" number="36"/>
						<line hits="1" number="38"/>
						<line hits="1" number="39"/>
						<line hits="1" number="40"/>
						<line hits="1" number="42"/>
						<line hits="1" number="43"/>
						<line hits="0" number="45"/>
						<line hits="1" number="47"/>
						<line hits="0" number="50"/>
						<line hits="1" number="54"/>
						<line hits="1" number="55"/>
						<line hits="1" number="56"/>
						<line hits="1" number="57"/>
						<line hits="1" number="58"/>
						<line hits="1" number="59"/>
						<line hits="1" number="60"/>
						<line hits="1" number="61"/>
						<line hits="1" number="62"/>
						<line hits="1" number="63"/>
						<line hits="1" number="64"/>
						<line hits="0" number="67"/>
						<line hits="1" number="73"/>
						<line hits="0" number="74"/>
						<line hits="1" number="75"/>
						<line hits="1" number="76"/>
						<line hits="1" number="77"/>
						<line hits="0" number="78"/>
						<line hits="1" number="82"/>
						<line hits="1" number="84"/>
						<line hits="1" number="87"/>
						<line hits="1" number="88"/>
						<line hits="1" number="89"/>
						<line hits="1" number="91"/>
						<line hits="1" number="92"/>
						<line hits="1" number="93"/>
						<line hits="1" number="94"/>
						<line hits="1" number="99"/>
						<line hits="1" number="102"/>
						<line hits="0" number="103"/>
						<line hits="1" number="105"/>
						<line hits="1" number="106"/>
						<line hits="1" number="108"/>
						<line hits="1" number="125"/>
						<line hits="0" number="126"/>
						<line hits="1" number="127"/>
						<line hits="1" number="129"/>
						<line hits="0" number="130"/>
						<line hits="1" number="132"/>
						<line hits="0" number="134"/>
						<line hits="1" number="136"/>
						<line hits="0" number="147"/>
						<line hits="1" number="149"/>
						<line hits="0" number="150"/>
						<line hits="1" number="152"/>
						<line hits="1" number="157"/>
						<line hits="0" number="158"/>
						<line hits="1" number="159"/>
						<line hits="1" number="160"/>
						<line hits="1" number="161"/>
						<line hits="1" number="163"/>
						<line hits="1" number="164"/>
						<line hits="1" number="168"/>
						<line hits="1" number="169"/>
						<line hits="1" number="170"/>
						<line hits="0" number="178"/>
						<line hits="1" number="179"/>
						<line hits="1" number="180"/>
						<line hits="1" number="182"/>
						<line hits="1" number="185"/>
						<line hits="0" number="186"/>
						<line hits="1" number="188"/>
						<line hits="0" number="189"/>
						<line hits="1" number="191"/>
						<line hits="0" number="192"/>
						<line hits="0" number="194"/>
						<line hits="1" number="196"/>
						<line hits="0" number="198"/>
						<line hits="1" number="200"/>
						<line hits="0" number="202"/>
						<line hits="1" number="204"/>
						<line hits="0" number="206"/>
						<line hits="1" number="209"/>
						<line hits="0" number="211"/>
						<line hits="1" number="213"/>
						<line hits="0" number="216"/>
						<line hits="1" number="218"/>
						<line hits="0" number="219"/>
						<line hits="1" number="221"/>
						<line hits="0" number="222"/>
						<line hits="1" number="224"/>
						<line hits="0" number="225"/>
						<line hits="1" number="228"/>
						<line hits="1" number="234"/>
						<line hits="1" number="235"/>
						<line hits="1" number="245"/>
						<line hits="1" number="262"/>
						<line hits="1" number="264"/>
						<line hits="1" number="265"/>
						<line hits="1" number="267"/>
						<line hits="1" number="268"/>
						<line hits="1" number="269"/>
						<line hits="1" number="280"/>
						<line hits="1" number="281"/>
						<line hits="0" number="284"/>
						<line hits="0" number="285"/>
						<line hits="1" number="287"/>
						<line hits="1" number="291"/>
						<line hits="1" number="293"/>
						<line hits="1" number="295"/>
						<line hits="1" number="298"/>
						<line hits="1" number="299"/>
						<line hits="1" number="300"/>
						<line hits="1" number="302"/>
						<line hits="1" number="303"/>
						<line hits="1" number="304"/>
						<line hits="1" number="306"/>
						<line hits="1" number="308"/>
						<line hits="1" number="309"/>
						<line hits="1" number="315"/>
						<line hits="1" number="316"/>
						<line hits="1" number="317"/>
						<line hits="1" number="318"/>
						<line hits="0" number="319"/>
						<line hits="1" number="320"/>
						<line hits="1" number="322"/>
						<line hits="1" number="323"/>
						<line hits="1" number="324"/>
						<line hits="1" number="325"/>
						<line hits="0" number="326"/>
						<line hits="0" number="328"/>
					</lines>
				</class>
				<class branch-rate="0" complexity="0" filename="/usr/local/Cellar/pyenv/1.0.0/versions/3.5.2/envs/hearthstone/lib/python3.5/site-packages/bs4/builder/_html5lib.py" line-rate="0.02439" name="_html5lib.py">
					<methods/>
					<lines>
						<line hits="1" number="4"/>
						<line hits="1" number="8"/>
						<line hits="1" number="9"/>
						<line hits="1" number="15"/>
						<line hits="1" number="19"/>
						<line hits="0" number="20"/>
						<line hits="0" number="21"/>
						<line hits="0" number="28"/>
						<line hits="0" number="30"/>
						<line hits="0" number="31"/>
						<line hits="0" number="32"/>
						<line hits="0" number="34"/>
						<line hits="0" number="35"/>
						<line hits="0" number="37"/>
						<line hits="0" number="40"/>
						<line hits="0" number="42"/>
						<line hits="0" number="44"/>
						<line hits="0" number="47"/>
						<line hits="0" number="52"/>
						<line hits="0" number="53"/>
						<line hits="0" number="54"/>
						<line hits="0" number="57"/>
						<line hits="0" number="58"/>
						<line hits="0" number="59"/>
						<line hits="0" number="60"/>
						<line hits="0" number="62"/>
						<line hits="0" number="63"/>
						<line hits="0" number="64"/>
						<line hits="0" number="65"/>
						<line hits="0" number="67"/>
						<line hits="0" number="68"/>
						<line hits="0" number="71"/>
						<line hits="0" number="74"/>
						<line hits="0" number="76"/>
						<line hits="0" number="77"/>
						<line hits="0" number="81"/>
						<line hits="0" number="82"/>
						<line hits="0" number="84"/>
						<line hits="0" number="85"/>
						<line hits="0" number="87"/>
						<line hits="0" number="89"/>
						<line hits="0" number="91"/>
						<line hits="0" number="94"/>
						<line hits="0" number="96"/>
						<line hits="0" number="97"/>
						<line hits="0" number="98"/>
						<line hits="0" number="100"/>
						<line hits="0" number="101"/>
						<line hits="0" number="102"/>
						<line hits="0" number="104"/>
						<line hits="0" number="105"/>
						<line hits="0" number="106"/>
						<line hits="0" number="107"/>
						<line hits="0" number="109"/>
						<line hits="0" number="110"/>
						<line hits="0" number="112"/>
						<line hits="0" number="113"/>
						<line hits="0" number="114"/>
						<line hits="0" number="116"/>
						<line hits="0" number="117"/>
						<line hits="0" number="119"/>
						<line hits="0" number="120"/>
						<line hits="0" number="121"/>
						<line hits="0" number="122"/>
						<line hits="0" number="124"/>
						<line hits="0" number="126"/>
						<line hits="0" number="128"/>
						<line hits="0" number="129"/>
						<line hits="0" number="131"/>
						<line hits="0" number="132"/>
						<line hits="0" number="134"/>
						<line hits="0" number="135"/>
						<line hits="0" number="136"/>
						<line hits="0" number="137"/>
						<line hits="0" number="138"/>
						<line hits="0" number="139"/>
						<line hits="0" number="140"/>
						<line hits="0" number="143"/>
						<line hits="0" number="144"/>
						<line hits="0" number="149"/>
						<line hits="0" number="150"/>
						<line hits="0" number="151"/>
						<line hits="0" number="152"/>
						<line hits="0" number="153"/>
						<line hits="0" number="154"/>
						<line hits="0" number="155"/>
						<line hits="0" number="156"/>
						<line hits="0" number="157"/>
						<line hits="0" number="158"/>
						<line hits="0" number="159"/>
						<line hits="0" number="160"/>
						<line hits="0" number="161"/>
						<line hits="0" number="164"/>
						<line hits="0" number="165"/>
						<line hits="0" number="166"/>
						<line hits="0" number="167"/>
						<line hits="0" number="168"/>
						<line hits="0" number="169"/>
						<line hits="0" number="171"/>
						<line hits="0" number="172"/>
						<line hits="0" number="173"/>
						<line hits="0" number="177"/>
						<line hits="0" number="178"/>
						<line hits="0" number="182"/>
						<line hits="0" number="183"/>
						<line hits="0" number="184"/>
						<line hits="0" number="186"/>
						<line hits="0" number="188"/>
						<line hits="0" number="189"/>
						<line hits="0" number="191"/>
						<line hits="0" number="196"/>
						<line hits="0" number="197"/>
						<line hits="0" number="198"/>
						<line hits="0" number="199"/>
						<line hits="0" number="201"/>
						<line hits="0" number="203"/>
						<line hits="0" number="208"/>
						<line hits="0" number="209"/>
						<line hits="0" number="210"/>
						<line hits="0" number="215"/>
						<line hits="0" number="217"/>
						<line hits="0" number="219"/>
						<line hits="0" number="223"/>
						<line hits="0" number="224"/>
						<line hits="0" number="226"/>
						<line hits="0" number="228"/>
						<line hits="0" number="230"/>
						<line hits="0" number="231"/>
						<line hits="0" number="232"/>
						<line hits="0" number="233"/>
						<line hits="0" number="234"/>
						<line hits="0" number="235"/>
						<line hits="0" number="237"/>
						<line hits="0" number="239"/>
						<line hits="0" number="240"/>
						<line hits="0" number="247"/>
						<line hits="0" number="248"/>
						<line hits="0" number="250"/>
						<line hits="0" number="251"/>
						<line hits="0" number="252"/>
						<line hits="0" number="253"/>
						<line hits="0" number="255"/>
						<line hits="0" number="257"/>
						<line hits="0" number="258"/>
						<line hits="0" number="259"/>
						<line hits="0" number="262"/>
						<line hits="0" number="263"/>
						<line hits="0" number="264"/>
						<line hits="0" number="266"/>
						<line hits="0" number="267"/>
						<line hits="0" number="269"/>
						<line hits="0" number="270"/>
						<line hits="0" number="272"/>
						<line hits="0" number="277"/>
						<line hits="0" number="278"/>
						<line hits="0" number="281"/>
						<line hits="0" number="283"/>
						<line hits="0" number="284"/>
						<line hits="0" number="287"/>
						<line hits="0" number="288"/>
						<line hits="0" number="291"/>
						<line hits="0" number="292"/>
						<line hits="0" number="294"/>
						<line hits="0" number="295"/>
						<line hits="0" number="296"/>
						<line hits="0" number="299"/>
						<line hits="0" number="300"/>
						<line hits="0" number="301"/>
						<line hits="0" number="303"/>
						<line hits="0" number="304"/>
						<line hits="0" number="305"/>
						<line hits="0" number="306"/>
						<line hits="0" number="308"/>
						<line hits="0" number="309"/>
						<line hits="0" number="310"/>
						<line hits="0" number="313"/>
						<line hits="0" number="314"/>
						<line hits="0" number="315"/>
						<line hits="0" number="316"/>
						<line hits="0" number="317"/>
						<line hits="0" number="319"/>
						<line hits="0" number="320"/>
						<line hits="0" number="321"/>
						<line hits="0" number="324"/>
						<line hits="0" number="325"/>
						<line hits="0" number="331"/>
						<line hits="0" number="332"/>
						<line hits="0" number="333"/>
						<line hits="0" number="334"/>
						<line hits="0" number="335"/>
						<line hits="0" number="336"/>
						<line hits="0" number="338"/>
						<line hits="0" number="339"/>
						<line hits="0" number="341"/>
						<line hits="0" number="342"/>
						<line hits="0" number="343"/>
						<line hits="0" number="345"/>
						<line hits="0" number="347"/>
						<line hits="0" number="349"/>
						<line hits="0" number="350"/>
						<line hits="0" number="351"/>
						<line hits="0" number="352"/>
						<line hits="0" number="353"/>
						<line hits="0" number="355"/>
						<line hits="0" number="356"/>
					</lines>
				</class>
				<class branch-rate="0" complexity="0" filename="/usr/local/Cellar/pyenv/1.0.0/versions/3.5.2/envs/hearthstone/lib/python3.5/site-packages/bs4/builder/_htmlparser.py" line-rate="0.2323" name="_htmlparser.py">
					<methods/>
					<lines>
						<line hits="1" number="6"/>
						<line hits="1" number="10"/>
						<line hits="1" number="12"/>
						<line hits="1" number="13"/>
						<line hits="1" number="14"/>
						<line hits="1" number="17"/>
						<line hits="1" number="18"/>
						<line hits="1" number="20"/>
						<line hits="1" number="21"/>
						<line hits="1" number="30"/>
						<line hits="1" number="31"/>
						<line hits="1" number="32"/>
						<line hits="1" number="33"/>
						<line hits="1" number="36"/>
						<line hits="1" number="43"/>
						<line hits="1" number="45"/>
						<line hits="1" number="52"/>
						<line hits="1" number="54"/>
						<line hits="1" number="55"/>
						<line hits="0" number="57"/>
						<line hits="0" number="58"/>
						<line hits="0" number="61"/>
						<line hits="0" number="62"/>
						<line hits="0" number="63"/>
						<line hits="0" number="64"/>
						<line hits="0" number="65"/>
						<line hits="1" number="67"/>
						<line hits="0" number="68"/>
						<line hits="1" number="70"/>
						<line hits="0" number="71"/>
						<line hits="1" number="73"/>
						<line hits="0" number="77"/>
						<line hits="0" number="78"/>
						<line hits="0" number="79"/>
						<line hits="0" number="80"/>
						<line hits="0" number="82"/>
						<line hits="0" number="84"/>
						<line hits="0" number="85"/>
						<line hits="0" number="86"/>
						<line hits="0" number="87"/>
						<line hits="0" number="89"/>
						<line hits="1" number="91"/>
						<line hits="0" number="92"/>
						<line hits="0" number="93"/>
						<line hits="0" number="94"/>
						<line hits="0" number="96"/>
						<line hits="0" number="97"/>
						<line hits="1" number="99"/>
						<line hits="0" number="100"/>
						<line hits="0" number="101"/>
						<line hits="0" number="102"/>
						<line hits="1" number="104"/>
						<line hits="0" number="105"/>
						<line hits="0" number="106"/>
						<line hits="0" number="107"/>
						<line hits="0" number="108"/>
						<line hits="0" number="110"/>
						<line hits="0" number="111"/>
						<line hits="0" number="112"/>
						<line hits="1" number="114"/>
						<line hits="0" number="115"/>
						<line hits="0" number="116"/>
						<line hits="0" number="117"/>
						<line hits="0" number="119"/>
						<line hits="0" number="120"/>
						<line hits="0" number="121"/>
						<line hits="0" number="122"/>
						<line hits="1" number="124"/>
						<line hits="0" number="125"/>
						<line hits="0" number="126"/>
						<line hits="0" number="127"/>
						<line hits="1" number="130"/>
						<line hits="1" number="132"/>
						<line hits="1" number="133"/>
						<line hits="1" number="134"/>
						<line hits="1" number="135"/>
						<line hits="1" number="137"/>
						<line hits="0" number="138"/>
						<line hits="0" number="139"/>
						<line hits="0" number="140"/>
						<line hits="0" number="141"/>
						<line hits="0" number="142"/>
						<line hits="1" number="144"/>
						<line hits="0" number="151"/>
						<line hits="0" number="152"/>
						<line hits="0" number="153"/>
						<line hits="0" number="155"/>
						<line hits="0" number="156"/>
						<line hits="0" number="158"/>
						<line hits="1" number="162"/>
						<line hits="0" number="163"/>
						<line hits="0" number="164"/>
						<line hits="0" number="165"/>
						<line hits="0" number="166"/>
						<line hits="0" number="167"/>
						<line hits="0" number="168"/>
						<line hits="0" number="169"/>
						<line hits="0" number="171"/>
						<line hits="1" number="178"/>
						<line hits="0" number="179"/>
						<line hits="0" number="180"/>
						<line hits="0" number="183"/>
						<line hits="0" number="185"/>
						<line hits="0" number="199"/>
						<line hits="0" number="201"/>
						<line hits="0" number="203"/>
						<line hits="0" number="204"/>
						<line hits="0" number="205"/>
						<line hits="0" number="206"/>
						<line hits="0" number="207"/>
						<line hits="0" number="208"/>
						<line hits="0" number="209"/>
						<line hits="0" number="212"/>
						<line hits="0" number="213"/>
						<line hits="0" number="214"/>
						<line hits="0" number="215"/>
						<line hits="0" number="216"/>
						<line hits="0" number="217"/>
						<line hits="0" number="218"/>
						<line hits="0" number="219"/>
						<line hits="0" number="221"/>
						<line hits="0" number="222"/>
						<line hits="0" number="223"/>
						<line hits="0" number="224"/>
						<line hits="0" number="225"/>
						<line hits="0" number="226"/>
						<line hits="0" number="227"/>
						<line hits="0" number="229"/>
						<line hits="0" number="230"/>
						<line hits="0" number="231"/>
						<line hits="0" number="232"/>
						<line hits="0" number="233"/>
						<line hits="0" number="235"/>
						<line hits="0" number="236"/>
						<line hits="0" number="237"/>
						<line hits="0" number="238"/>
						<line hits="0" number="239"/>
						<line hits="0" number="240"/>
						<line hits="0" number="243"/>
						<line hits="0" number="244"/>
						<line hits="0" number="245"/>
						<line hits="0" number="247"/>
						<line hits="0" number="248"/>
						<line hits="0" number="249"/>
						<line hits="0" number="251"/>
						<line hits="0" number="253"/>
						<line hits="0" number="254"/>
						<line hits="0" number="255"/>
						<line hits="0" number="256"/>
						<line hits="0" number="258"/>
						<line hits="0" number="259"/>
						<line hits="0" number="260"/>
						<line hits="0" number="262"/>
						<line hits="0" number="263"/>
						<line hits="0" number="265"/>
					</lines>
				</class>
				<class branch-rate="0" complexity="0" filename="/usr/local/Cellar/pyenv/1.0.0/versions/3.5.2/envs/hearthstone/lib/python3.5/site-packages/bs4/builder/_lxml.py" line-rate="0.6644" name="_lxml.py">
					<methods/>
					<lines>
						<line hits="1" number="3"/>
						<line hits="1" number="8"/>
						<line hits="1" number="9"/>
						<line hits="1" number="10"/>
						<line hits="1" number="11"/>
						<line hits="1" number="12"/>
						<line hits="1" number="19"/>
						<line hits="1" number="27"/>
						<line hits="1" number="29"/>
						<line hits="1" number="31"/>
						<line hits="1" number="32"/>
						<line hits="1" number="34"/>
						<line hits="1" number="35"/>
						<line hits="1" number="37"/>
						<line hits="1" number="38"/>
						<line hits="1" number="41"/>
						<line hits="1" number="43"/>
						<line hits="1" number="47"/>
						<line hits="1" number="49"/>
						<line hits="0" number="52"/>
						<line hits="0" number="53"/>
						<line hits="0" number="54"/>
						<line hits="1" number="57"/>
						<line hits="1" number="59"/>
						<line hits="1" number="61"/>
						<line hits="1" number="63"/>
						<line hits="1" number="64"/>
						<line hits="1" number="66"/>
						<line hits="1" number="70"/>
						<line hits="1" number="71"/>
						<line hits="0" number="72"/>
						<line hits="1" number="73"/>
						<line hits="1" number="74"/>
						<line hits="1" number="76"/>
						<line hits="1" number="79"/>
						<line hits="0" number="80"/>
						<line hits="1" number="82"/>
						<line hits="1" number="84"/>
						<line hits="1" number="98"/>
						<line hits="1" number="99"/>
						<line hits="1" number="100"/>
						<line hits="0" number="102"/>
						<line hits="1" number="104"/>
						<line hits="0" number="107"/>
						<line hits="1" number="109"/>
						<line hits="0" number="112"/>
						<line hits="1" number="115"/>
						<line hits="1" number="116"/>
						<line hits="1" number="118"/>
						<line hits="1" number="119"/>
						<line hits="1" number="121"/>
						<line hits="0" number="122"/>
						<line hits="0" number="123"/>
						<line hits="0" number="124"/>
						<line hits="0" number="125"/>
						<line hits="0" number="129"/>
						<line hits="0" number="130"/>
						<line hits="0" number="131"/>
						<line hits="0" number="132"/>
						<line hits="0" number="133"/>
						<line hits="0" number="135"/>
						<line hits="0" number="136"/>
						<line hits="0" number="137"/>
						<line hits="0" number="138"/>
						<line hits="0" number="139"/>
						<line hits="0" number="140"/>
						<line hits="1" number="142"/>
						<line hits="1" number="143"/>
						<line hits="1" number="145"/>
						<line hits="1" number="147"/>
						<line hits="1" number="148"/>
						<line hits="1" number="150"/>
						<line hits="0" number="154"/>
						<line hits="1" number="155"/>
						<line hits="0" number="157"/>
						<line hits="0" number="158"/>
						<line hits="0" number="161"/>
						<line hits="0" number="162"/>
						<line hits="0" number="163"/>
						<line hits="0" number="165"/>
						<line hits="1" number="170"/>
						<line hits="1" number="171"/>
						<line hits="1" number="172"/>
						<line hits="1" number="173"/>
						<line hits="1" number="174"/>
						<line hits="0" number="176"/>
						<line hits="0" number="177"/>
						<line hits="0" number="178"/>
						<line hits="1" number="179"/>
						<line hits="1" number="181"/>
						<line hits="1" number="182"/>
						<line hits="1" number="183"/>
						<line hits="1" number="185"/>
						<line hits="1" number="187"/>
						<line hits="1" number="188"/>
						<line hits="0" number="189"/>
						<line hits="0" number="190"/>
						<line hits="0" number="191"/>
						<line hits="0" number="192"/>
						<line hits="1" number="194"/>
						<line hits="1" number="195"/>
						<line hits="1" number="196"/>
						<line hits="1" number="197"/>
						<line hits="1" number="198"/>
						<line hits="1" number="199"/>
						<line hits="0" number="200"/>
						<line hits="0" number="201"/>
						<line hits="0" number="202"/>
						<line hits="0" number="203"/>
						<line hits="1" number="204"/>
						<line hits="1" number="205"/>
						<line hits="0" number="208"/>
						<line hits="1" number="210"/>
						<line hits="0" number="211"/>
						<line hits="0" number="212"/>
						<line hits="0" number="213"/>
						<line hits="1" number="215"/>
						<line hits="1" number="216"/>
						<line hits="1" number="218"/>
						<line hits="1" number="219"/>
						<line hits="1" number="220"/>
						<line hits="1" number="221"/>
						<line hits="1" number="223"/>
						<line hits="1" number="225"/>
						<line hits="1" number="226"/>
						<line hits="1" number="227"/>
						<line hits="1" number="229"/>
						<line hits="0" number="231"/>
						<line hits="1" number="234"/>
						<line hits="1" number="236"/>
[...]
				<class branch-rate="0" complexity="0" filename="/usr/local/Cellar/pyenv/1.0.0/versions/3.5.2/envs/hearthstone/lib/python3.5/site-packages/requests/packages/urllib3/util/connection.py" line-rate="0.5385" name="connection.py">
					<methods/>
					<lines>
						<line hits="1" number="1"/>
						<line hits="1" number="2"/>
						<line hits="1" number="3"/>
						<line hits="1" number="4"/>
						<line hits="0" number="5"/>
						<line hits="0" number="6"/>
						<line hits="0" number="7"/>
						<line hits="0" number="8"/>
						<line hits="0" number="9"/>
						<line hits="0" number="10"/>
						<line hits="1" number="13"/>
						<line hits="0" number="23"/>
						<line hits="0" number="24"/>
						<line hits="0" number="25"/>
						<line hits="0" number="26"/>
						<line hits="0" number="27"/>
						<line hits="0" number="29"/>
						<line hits="0" number="30"/>
						<line hits="0" number="31"/>
						<line hits="0" number="33"/>
						<line hits="0" number="34"/>
						<line hits="0" number="35"/>
						<line hits="0" number="36"/>
						<line hits="0" number="39"/>
						<line hits="0" number="40"/>
						<line hits="0" number="41"/>
						<line hits="0" number="42"/>
						<line hits="0" number="44"/>
						<line hits="1" number="51"/>
						<line hits="1" number="65"/>
						<line hits="1" number="66"/>
						<line hits="0" number="67"/>
						<line hits="1" number="68"/>
						<line hits="1" number="73"/>
						<line hits="1" number="75"/>
						<line hits="1" number="76"/>
						<line hits="1" number="77"/>
						<line hits="1" number="78"/>
						<line hits="1" number="79"/>
						<line hits="1" number="82"/>
						<line hits="1" number="84"/>
						<line hits="1" number="85"/>
						<line hits="1" number="86"/>
						<line hits="0" number="87"/>
						<line hits="1" number="88"/>
						<line hits="1" number="89"/>
						<line hits="0" number="91"/>
						<line hits="0" number="92"/>
						<line hits="0" number="93"/>
						<line hits="0" number="94"/>
						<line hits="0" number="95"/>
						<line hits="0" number="97"/>
						<line hits="0" number="98"/>
						<line hits="0" number="100"/>
						<line hits="1" number="103"/>
						<line hits="1" number="104"/>
						<line hits="0" number="105"/>
						<line hits="1" number="107"/>
						<line hits="1" number="108"/>
						<line hits="1" number="111"/>
						<line hits="1" number="116"/>
						<line hits="1" number="117"/>
						<line hits="1" number="118"/>
						<line hits="1" number="119"/>
						<line hits="1" number="122"/>
						<line hits="1" number="124"/>
						<line hits="1" number="125"/>
						<line hits="1" number="127"/>
						<line hits="1" number="133"/>
						<line hits="1" number="134"/>
						<line hits="1" number="135"/>
						<line hits="1" number="136"/>
						<line hits="0" number="137"/>
						<line hits="0" number="138"/>
						<line hits="1" number="140"/>
						<line hits="1" number="141"/>
						<line hits="1" number="142"/>
						<line hits="1" number="144"/>
					</lines>
				</class>
				<class branch-rate="0" complexity="0" filename="/usr/local/Cellar/pyenv/1.0.0/versions/3.5.2/envs/hearthstone/lib/python3.5/site-packages/requests/packages/urllib3/util/request.py" line-rate="0.2083" name="request.py">
					<methods/>
					<lines>
						<line hits="1" number="1"/>
						<line hits="1" number="2"/>
						<line hits="1" number="4"/>
						<line hits="1" number="6"/>
						<line hits="1" number="9"/>
						<line hits="0" number="45"/>
						<line hits="0" number="46"/>
						<line hits="0" number="47"/>
						<line hits="0" number="48"/>
						<line hits="0" number="49"/>
						<line hits="0" number="50"/>
						<line hits="0" number="52"/>
						<line hits="0" number="53"/>
						<line hits="0" number="55"/>
						<line hits="0" number="56"/>
						<line hits="0" number="58"/>
						<line hits="0" number="59"/>
						<line hits="0" number="61"/>
						<line hits="0" number="62"/>
						<line hits="0" number="65"/>
						<line hits="0" number="66"/>
						<line hits="0" number="69"/>
						<line hits="0" number="70"/>
						<line hits="0" number="72"/>
					</lines>
				</class>
				<class branch-rate="0" complexity="0" filename="/usr/local/Cellar/pyenv/1.0.0/versions/3.5.2/envs/hearthstone/lib/python3.5/site-packages/requests/packages/urllib3/util/response.py" line-rate="0.5357" name="response.py">
					<methods/>
					<lines>
						<line hits="1" number="1"/>
						<line hits="1" number="2"/>
						<line hits="1" number="4"/>
						<line hits="1" number="7"/>
						<line hits="1" number="15"/>
						<line hits="1" number="17"/>
						<line hits="0" number="18"/>
						<line hits="0" number="19"/>
						<line hits="0" number="21"/>
						<line hits="0" number="24"/>
						<line hits="0" number="25"/>
						<line hits="0" number="26"/>
						<line hits="0" number="28"/>
						<line hits="1" number="31"/>
						<line hits="1" number="47"/>
						<line hits="0" number="48"/>
						<line hits="1" number="51"/>
						<line hits="1" number="52"/>
						<line hits="1" number="54"/>
						<line hits="1" number="55"/>
						<line hits="1" number="56"/>
						<line hits="1" number="58"/>
						<line hits="0" number="59"/>
						<line hits="1" number="62"/>
						<line hits="0" number="71"/>
						<line hits="0" number="72"/>
						<line hits="0" number="73"/>
						<line hits="0" number="74"/>
					</lines>
				</class>
				<class branch-rate="0" complexity="0" filename="/usr/local/Cellar/pyenv/1.0.0/versions/3.5.2/envs/hearthstone/lib/python3.5/site-packages/requests/packages/urllib3/util/retry.py" line-rate="0.35" name="retry.py">
					<methods/>
					<lines>
						<line hits="1" number="1"/>
						<line hits="1" number="2"/>
						<line hits="1" number="3"/>
						<line hits="1" number="5"/>
						<line hits="1" number="12"/>
						<line hits="1" number="15"/>
						<line hits="1" number="18"/>
						<line hits="1" number="118"/>
						<line hits="1" number="122"/>
						<line hits="1" number="124"/>
						<line hits="1" number="129"/>
						<line hits="1" number="130"/>
						<line hits="1" number="131"/>
						<line hits="1" number="133"/>
						<line hits="0" number="134"/>
						<line hits="0" number="135"/>
						<line hits="1" number="137"/>
						<line hits="1" number="138"/>
						<line hits="1" number="139"/>
						<line hits="1" number="140"/>
						<line hits="1" number="141"/>
						<line hits="1" number="142"/>
						<line hits="1" number="143"/>
						<line hits="1" number="145"/>
						<line hits="0" number="146"/>
						<line hits="0" number="156"/>
						<line hits="0" number="157"/>
						<line hits="1" number="159"/>
						<line hits="1" number="160"/>
						<line hits="0" number="162"/>
						<line hits="0" number="163"/>
						<line hits="0" number="165"/>
						<line hits="0" number="166"/>
						<line hits="0" number="168"/>
						<line hits="0" number="169"/>
						<line hits="0" number="170"/>
						<line hits="0" number="171"/>
						<line hits="1" number="173"/>
						<line hits="0" number="178"/>
						<line hits="0" number="179"/>
						<line hits="0" number="181"/>
						<line hits="0" number="182"/>
						<line hits="1" number="184"/>
						<line hits="0" number="190"/>
						<line hits="0" number="191"/>
						<line hits="0" number="192"/>
						<line hits="0" number="193"/>
						<line hits="1" number="195"/>
						<line hits="0" number="199"/>
						<line hits="1" number="201"/>
						<line hits="0" number="205"/>
						<line hits="1" number="207"/>
						<line hits="1" number="210"/>
						<line hits="0" number="211"/>
						<line hits="1" number="213"/>
						<line hits="1" number="215"/>
						<line hits="0" number="217"/>
						<line hits="0" number="218"/>
						<line hits="0" number="219"/>
						<line hits="0" number="220"/>
						<line hits="0" number="222"/>
						<line hits="1" number="224"/>
						<line hits="0" number="236"/>
						<line hits="0" number="238"/>
						<line hits="0" number="240"/>
						<line hits="0" number="241"/>
						<line hits="0" number="242"/>
						<line hits="0" number="244"/>
						<line hits="0" number="245"/>
						<line hits="0" number="246"/>
						<line hits="0" number="247"/>
						<line hits="0" number="248"/>
						<line hits="0" number="250"/>
						<line hits="0" number="252"/>
						<line hits="0" number="253"/>
						<line hits="0" number="254"/>
						<line hits="0" number="255"/>
						<line hits="0" number="256"/>
						<line hits="0" number="258"/>
						<line hits="0" number="260"/>
						<line hits="0" number="261"/>
						<line hits="0" number="262"/>
						<line hits="0" number="263"/>
						<line hits="0" number="264"/>
						<line hits="0" number="266"/>
						<line hits="0" number="268"/>
						<line hits="0" number="269"/>
						<line hits="0" number="270"/>
						<line hits="0" number="275"/>
						<line hits="0" number="276"/>
						<line hits="0" number="277"/>
						<line hits="0" number="278"/>
						<line hits="0" number="281"/>
						<line hits="0" number="286"/>
						<line hits="0" number="287"/>
						<line hits="0" number="289"/>
						<line hits="0" number="291"/>
						<line hits="1" number="293"/>
						<line hits="0" number="294"/>
						<line hits="1" number="300"/>
					</lines>
				</class>
				<class branch-rate="0" complexity="0" filename="/usr/local/Cellar/pyenv/1.0.0/versions/3.5.2/envs/hearthstone/lib/python3.5/site-packages/requests/packages/urllib3/util/ssl_.py" line-rate="0.2258" name="ssl_.py">
					<methods/>
					<lines>
						<line hits="1" number="1"/>
						<line hits="1" number="2"/>
						<line hits="1" number="3"/>
						<line hits="1" number="4"/>
						<line hits="1" number="6"/>
						<line hits="1" number="7"/>
						<line hits="1" number="9"/>
						<line hits="1" number="12"/>
						<line hits="1" number="13"/>
						<line hits="1" number="14"/>
						<line hits="1" number="15"/>
						<line hits="1" number="18"/>
						<line hits="1" number="25"/>
						<line hits="0" number="32"/>
						<line hits="0" number="33"/>
						<line hits="0" number="34"/>
						<line hits="0" number="35"/>
						<line hits="1" number="38"/>
						<line hits="1" number="42"/>
						<line hits="1" number="43"/>
						<line hits="1" number="44"/>
						<line hits="1" number="45"/>
						<line hits="0" number="46"/>
						<line hits="0" number="47"/>
						<line hits="1" number="50"/>
						<line hits="1" number="51"/>
						<line hits="0" number="52"/>
						<line hits="0" number="53"/>
						<line hits="0" number="54"/>
						<line hits="1" number="69"/>
						<line hits="1" number="75"/>
						<line hits="1" number="76"/>
						<line hits="0" number="77"/>
						<line hits="0" number="78"/>
						<line hits="0" number="80"/>
						<line hits="0" number="81"/>
						<line hits="0" number="84"/>
						<line hits="0" number="85"/>
						<line hits="0" number="87"/>
						<line hits="0" number="88"/>
						<line hits="0" number="89"/>
						<line hits="0" number="90"/>
						<line hits="0" number="91"/>
						<line hits="0" number="92"/>
						<line hits="0" number="93"/>
						<line hits="0" number="95"/>
						<line hits="0" number="96"/>
						<line hits="0" number="97"/>
						<line hits="0" number="99"/>
						<line hits="0" number="100"/>
						<line hits="0" number="102"/>
						<line hits="0" number="103"/>
						<line hits="0" number="105"/>
						<line hits="0" number="106"/>
						<line hits="0" number="107"/>
						<line hits="0" number="112"/>
						<line hits="0" number="114"/>
						<line hits="0" number="115"/>
						<line hits="0" number="124"/>
						<line hits="0" number="132"/>
						<line hits="0" number="133"/>
						<line hits="0" number="135"/>
						<line hits="1" number="138"/>
						<line hits="0" number="148"/>
						<line hits="0" number="149"/>
						<line hits="0" number="150"/>
						<line hits="0" number="151"/>
						<line hits="0" number="152"/>
						<line hits="0" number="156"/>
						<line hits="0" number="158"/>
						<line hits="0" number="160"/>
						<line hits="0" number="161"/>
						<line hits="1" number="165"/>
						<line hits="0" number="176"/>
						<line hits="0" number="177"/>
						<line hits="0" number="179"/>
						<line hits="0" number="180"/>
						<line hits="0" number="181"/>
						<line hits="0" number="182"/>
						<line hits="0" number="183"/>
						<line hits="0" number="185"/>
						<line hits="1" number="188"/>
						<line hits="0" number="192"/>
						<line hits="0" number="193"/>
						<line hits="0" number="195"/>
						<line hits="0" number="196"/>
						<line hits="0" number="197"/>
						<line hits="0" number="198"/>
						<line hits="0" number="199"/>
						<line hits="0" number="201"/>
						<line hits="1" number="204"/>
						<line hits="0" number="239"/>
						<line hits="0" number="242"/>
						<line hits="0" number="244"/>
						<line hits="0" number="245"/>
						<line hits="0" number="247"/>
						<line hits="0" number="249"/>
						<line hits="0" number="252"/>
						<line hits="0" number="254"/>
						<line hits="0" number="256"/>
						<line hits="0" number="257"/>
						<line hits="0" number="259"/>
						<line hits="0" number="260"/>
						<line hits="0" number="263"/>
						<line hits="0" number="264"/>
						<line hits="1" number="267"/>
						<line hits="0" number="288"/>
						<line hits="0" number="289"/>
						<line hits="0" number="290"/>
						<line hits="0" number="293"/>
						<line hits="0" number="294"/>
						<line hits="0" number="295"/>
						<line hits="0" number="296"/>
						<line hits="0" number="297"/>
						<line hits="0" number="300"/>
						<line hits="0" number="301"/>
						<line hits="0" number="302"/>
						<line hits="0" number="303"/>
						<line hits="0" number="305"/>
						<line hits="0" number="306"/>
						<line hits="0" number="307"/>
						<line hits="0" number="308"/>
						<line hits="0" number="310"/>
						<line hits="0" number="320"/>
					</lines>
				</class>
				<class branch-rate="0" complexity="0" filename="/usr/local/Cellar/pyenv/1.0.0/versions/3.5.2/envs/hearthstone/lib/python3.5/site-packages/requests/packages/urllib3/util/timeout.py" line-rate="0.6034" name="timeout.py">
					<methods/>
					<lines>
						<line hits="1" number="1"/>
						<line hits="1" number="4"/>
						<line hits="1" number="5"/>
						<line hits="1" number="7"/>
						<line hits="1" number="11"/>
						<line hits="1" number="14"/>
						<line hits="1" number="18"/>
						<line hits="1" number="21"/>
						<line hits="1" number="94"/>
						<line hits="1" number="96"/>
						<line hits="1" number="97"/>
						<line hits="1" number="98"/>
						<line hits="1" number="99"/>
						<line hits="1" number="100"/>
						<line hits="1" number="102"/>
						<line hits="0" number="103"/>
						<line hits="1" number="106"/>
						<line hits="1" number="117"/>
						<line hits="0" number="118"/>
						<line hits="1" number="120"/>
						<line hits="1" number="121"/>
						<line hits="0" number="123"/>
						<line hits="0" number="124"/>
						<line hits="0" number="125"/>
						<line hits="0" number="126"/>
						<line hits="0" number="129"/>
						<line hits="0" number="130"/>
						<line hits="0" number="131"/>
						<line hits="0" number="134"/>
						<line hits="0" number="135"/>
						<line hits="0" number="138"/>
						<line hits="1" number="140"/>
						<line hits="1" number="154"/>
						<line hits="1" number="156"/>
						<line hits="1" number="168"/>
						<line hits="1" number="171"/>
						<line hits="1" number="177"/>
						<line hits="0" number="178"/>
						<line hits="1" number="179"/>
						<line hits="1" number="180"/>
						<line hits="1" number="182"/>
						<line hits="0" number="190"/>
						<line hits="0" number="191"/>
						<line hits="0" number="193"/>
						<line hits="1" number="195"/>
						<line hits="1" number="205"/>
						<line hits="1" number="206"/>
						<line hits="0" number="208"/>
						<line hits="0" number="209"/>
						<line hits="0" number="211"/>
						<line hits="1" number="213"/>
						<line hits="1" number="230"/>
						<line hits="0" number="235"/>
						<line hits="0" number="236"/>
						<line hits="0" number="237"/>
						<line hits="1" number="239"/>
						<line hits="0" number="240"/>
						<line hits="1" number="242"/>
					</lines>
				</class>
				<class branch-rate="0" complexity="0" filename="/usr/local/Cellar/pyenv/1.0.0/versions/3.5.2/envs/hearthstone/lib/python3.5/site-packages/requests/packages/urllib3/util/url.py" line-rate="0.5263" name="url.py">
					<methods/>
					<lines>
						<line hits="1" number="1"/>
						<line hits="1" number="2"/>
						<line hits="1" number="4"/>
						<line hits="1" number="7"/>
						<line hits="1" number="10"/>
						<line hits="1" number="15"/>
						<line hits="1" number="17"/>
						<line hits="1" number="19"/>
						<line hits="0" number="20"/>
						<line hits="1" number="21"/>
						<line hits="1" number="24"/>
						<line hits="0" number="27"/>
						<line hits="1" number="29"/>
						<line hits="0" number="32"/>
						<line hits="0" number="34"/>
						<line hits="0" number="35"/>
						<line hits="0" number="37"/>
						<line hits="1" number="39"/>
						<line hits="0" number="42"/>
						<line hits="0" number="43"/>
						<line hits="0" number="44"/>
						<line hits="1" number="46"/>
						<line hits="0" number="65"/>
						<line hits="0" number="66"/>
						<line hits="0" number="69"/>
						<line hits="0" number="70"/>
						<line hits="0" number="71"/>
						<line hits="0" number="72"/>
						<line hits="0" number="73"/>
						<line hits="0" number="74"/>
						<line hits="0" number="75"/>
						<line hits="0" number="76"/>
						<line hits="0" number="77"/>
						<line hits="0" number="78"/>
						<line hits="0" number="79"/>
						<line hits="0" number="80"/>
						<line hits="0" number="81"/>
						<line hits="0" number="82"/>
						<line hits="0" number="84"/>
						<line hits="1" number="86"/>
						<line hits="0" number="87"/>
						<line hits="1" number="90"/>
						<line hits="1" number="106"/>
						<line hits="1" number="107"/>
						<line hits="1" number="108"/>
						<line hits="1" number="109"/>
						<line hits="1" number="110"/>
						<line hits="1" number="111"/>
						<line hits="1" number="113"/>
						<line hits="1" number="114"/>
						<line hits="1" number="115"/>
						<line hits="1" number="117"/>
						<line hits="0" number="118"/>
						<line hits="1" number="120"/>
						<line hits="1" number="123"/>
						<line hits="1" number="145"/>
						<line hits="0" number="147"/>
						<line hits="1" number="149"/>
						<line hits="1" number="150"/>
						<line hits="1" number="151"/>
						<line hits="1" number="152"/>
						<line hits="1" number="153"/>
						<line hits="1" number="154"/>
						<line hits="1" number="155"/>
						<line hits="1" number="158"/>
						<line hits="1" number="159"/>
						<line hits="1" number="163"/>
						<line hits="1" number="165"/>
						<line hits="1" number="167"/>
						<line hits="1" number="170"/>
						<line hits="0" number="172"/>
						<line hits="1" number="175"/>
						<line hits="0" number="176"/>
						<line hits="0" number="177"/>
						<line hits="1" number="180"/>
						<line hits="0" number="181"/>
						<line hits="0" number="183"/>
						<line hits="0" number="184"/>
						<line hits="0" number="186"/>
						<line hits="0" number="188"/>
						<line hits="0" number="189"/>
						<line hits="0" number="190"/>
						<line hits="0" number="193"/>
						<line hits="1" number="195"/>
						<line hits="1" number="196"/>
						<line hits="1" number="198"/>
						<line hits="0" number="199"/>
						<line hits="1" number="202"/>
						<line hits="0" number="203"/>
						<line hits="1" number="206"/>
						<line hits="0" number="207"/>
						<line hits="1" number="209"/>
						<line hits="1" number="212"/>
						<line hits="0" number="216"/>
						<line hits="0" number="217"/>
					</lines>
				</class>
			</classes>
		</package>
	</packages>
</coverage>
